Using pre-set license
Built from '2020.3/release' branch; Version is '2020.3.7f1 (dd97f2c94397) revision 14522354'; Using compiler version '192528614'; Build Type 'Release'
OS: 'Windows 10 Pro; OS build 19042.1165; Version 2009; 64bit' Language: 'en' Physical Memory: 16325 MB
BatchMode: 1, IsHumanControllingUs: 0, StartBugReporterOnCrash: 0, Is64bit: 1, IsPro: 0

 COMMAND LINE ARGUMENTS:
C:\Program Files\Unity\Hub\Editor\2020.3.7f1\Editor\Unity.exe
-adb2
-batchMode
-noUpm
-name
AssetImportWorker0
-projectPath
E:/UnityProjects/DesignAndPublishUnity/CoreRun/CoreRun/CoreRun
-logFile
Logs/AssetImportWorker0.log
-srvPort
58504
Successfully changed project path to: E:/UnityProjects/DesignAndPublishUnity/CoreRun/CoreRun/CoreRun
E:/UnityProjects/DesignAndPublishUnity/CoreRun/CoreRun/CoreRun
Using Asset Import Pipeline V2.
Refreshing native plugins compatible for Editor in 25.39 ms, found 0 plugins.
Preloading 0 native plugins for Editor in 0.00 ms.
Initialize engine version: 2020.3.7f1 (dd97f2c94397)
[Subsystems] Discovering subsystems at path C:/Program Files/Unity/Hub/Editor/2020.3.7f1/Editor/Data/Resources/UnitySubsystems
[Subsystems] Discovering subsystems at path E:/UnityProjects/DesignAndPublishUnity/CoreRun/CoreRun/CoreRun/Assets
GfxDevice: creating device client; threaded=0
Direct3D:
    Version:  Direct3D 11.0 [level 11.1]
    Renderer: NVIDIA GeForce GTX 1060 6GB (ID=0x1c03)
    Vendor:   
    VRAM:     6052 MB
    Driver:   27.21.14.6079
Initialize mono
Mono path[0] = 'C:/Program Files/Unity/Hub/Editor/2020.3.7f1/Editor/Data/Managed'
Mono path[1] = 'C:/Program Files/Unity/Hub/Editor/2020.3.7f1/Editor/Data/MonoBleedingEdge/lib/mono/unityjit'
Mono config path = 'C:/Program Files/Unity/Hub/Editor/2020.3.7f1/Editor/Data/MonoBleedingEdge/etc'
Using monoOptions --debugger-agent=transport=dt_socket,embedding=1,server=y,suspend=n,address=127.0.0.1:56692
Begin MonoManager ReloadAssembly
Registering precompiled unity dll's ...
Register platform support module: C:/Program Files/Unity/Hub/Editor/2020.3.7f1/Editor/Data/PlaybackEngines/WebGLSupport/UnityEditor.WebGL.Extensions.dll
Register platform support module: C:/Program Files/Unity/Hub/Editor/2020.3.7f1/Editor/Data/PlaybackEngines/WindowsStandaloneSupport/UnityEditor.WindowsStandalone.Extensions.dll
Registered in 0.002623 seconds.
Native extension for WindowsStandalone target not found
Native extension for WebGL target not found
Refreshing native plugins compatible for Editor in 26.69 ms, found 0 plugins.
Preloading 0 native plugins for Editor in 0.00 ms.
Mono: successfully reloaded assembly
- Completed reload, in  1.187 seconds
Platform modules already initialized, skipping
Registering precompiled user dll's ...
Registered in 0.000617 seconds.
Begin MonoManager ReloadAssembly
Native extension for WindowsStandalone target not found
Native extension for WebGL target not found
Refreshing native plugins compatible for Editor in 0.26 ms, found 0 plugins.
Preloading 0 native plugins for Editor in 0.00 ms.
Mono: successfully reloaded assembly
- Completed reload, in  0.790 seconds
Platform modules already initialized, skipping
========================================================================
Worker process is ready to serve import requests
Launched and connected shader compiler UnityShaderCompiler.exe after 0.04 seconds
Refreshing native plugins compatible for Editor in 0.26 ms, found 0 plugins.
Preloading 0 native plugins for Editor in 0.00 ms.
Unloading 1498 Unused Serialized files (Serialized files now loaded: 0)
System memory in use before: 147.8 MB.
System memory in use after: 147.8 MB.

Unloading 10 unused Assets to reduce memory usage. Loaded Objects now: 1947.
Total: 2.162000 ms (FindLiveObjects: 0.176600 ms CreateObjectMapping: 0.060000 ms MarkObjects: 1.783900 ms  DeleteObjects: 0.140700 ms)

========================================================================
Received Import Request.
  path: Assets/MyPrefabs/Cave.prefab
  artifactKey: Guid(3dfb127928b6c884585eba50f2eb4fa1) Importer(815301076,1909f56bfc062723c751e8b465ee728b)
Start importing Assets/MyPrefabs/Cave.prefab using Guid(3dfb127928b6c884585eba50f2eb4fa1) Importer(815301076,1909f56bfc062723c751e8b465ee728b)  -> (artifact id: '6ea22ed214b45f3ecd649908d3253fb9') in 0.047460 seconds
  Import took 0.049890 seconds .

========================================================================
Received Import Request.
  Time since last request: 77.723258 seconds.
  path: Assets/Cartoon Textures/Materials
  artifactKey: Guid(911136f5ed6842f4aa1a3585ffde82f8) Importer(815301076,1909f56bfc062723c751e8b465ee728b)
Start importing Assets/Cartoon Textures/Materials using Guid(911136f5ed6842f4aa1a3585ffde82f8) Importer(815301076,1909f56bfc062723c751e8b465ee728b)  -> (artifact id: '2a51f4b05248f98cb7ac60ec251493eb') in 0.001343 seconds
  Import took 0.004267 seconds .

========================================================================
Received Import Request.
  Time since last request: 156.984979 seconds.
  path: Assets/Cartoon Textures/NormalMaps
  artifactKey: Guid(bc0dbbd2fdcc036469b6386ca503d371) Importer(815301076,1909f56bfc062723c751e8b465ee728b)
Start importing Assets/Cartoon Textures/NormalMaps using Guid(bc0dbbd2fdcc036469b6386ca503d371) Importer(815301076,1909f56bfc062723c751e8b465ee728b)  -> (artifact id: '460ea0863fdf2272fb6161dbadc9a7b4') in 0.001271 seconds
  Import took 0.003877 seconds .

========================================================================
Received Import Request.
  Time since last request: 0.900902 seconds.
  path: Assets/Cartoon Textures/Materials
  artifactKey: Guid(911136f5ed6842f4aa1a3585ffde82f8) Importer(815301076,1909f56bfc062723c751e8b465ee728b)
Start importing Assets/Cartoon Textures/Materials using Guid(911136f5ed6842f4aa1a3585ffde82f8) Importer(815301076,1909f56bfc062723c751e8b465ee728b)  -> (artifact id: 'a7485ccf0a90acaf5f3e7476a40ca291') in 0.001267 seconds
  Import took 0.003716 seconds .

========================================================================
Received Prepare
Registering precompiled user dll's ...
Registered in 0.000702 seconds.
Begin MonoManager ReloadAssembly
Native extension for WindowsStandalone target not found
Native extension for WebGL target not found
Refreshing native plugins compatible for Editor in 0.27 ms, found 0 plugins.
Preloading 0 native plugins for Editor in 0.00 ms.
Mono: successfully reloaded assembly
- Completed reload, in  0.753 seconds
Platform modules already initialized, skipping
Refreshing native plugins compatible for Editor in 0.27 ms, found 0 plugins.
Preloading 0 native plugins for Editor in 0.00 ms.
Unloading 1457 Unused Serialized files (Serialized files now loaded: 0)
System memory in use before: 144.2 MB.
System memory in use after: 144.3 MB.

Unloading 5 unused Assets to reduce memory usage. Loaded Objects now: 1950.
Total: 2.184000 ms (FindLiveObjects: 0.231800 ms CreateObjectMapping: 0.085500 ms MarkObjects: 1.746800 ms  DeleteObjects: 0.118900 ms)

AssetImportWorkerClient::OnTransportError - code=2 error=End of file
