Using pre-set license
Built from '2020.3/release' branch; Version is '2020.3.7f1 (dd97f2c94397) revision 14522354'; Using compiler version '192528614'; Build Type 'Release'
OS: 'Windows 10 Pro; OS build 19042.1165; Version 2009; 64bit' Language: 'en' Physical Memory: 16325 MB
BatchMode: 1, IsHumanControllingUs: 0, StartBugReporterOnCrash: 0, Is64bit: 1, IsPro: 0

 COMMAND LINE ARGUMENTS:
C:\Program Files\Unity\Hub\Editor\2020.3.7f1\Editor\Unity.exe
-adb2
-batchMode
-noUpm
-name
AssetImportWorker1
-projectPath
E:/UnityProjects/DesignAndPublishUnity/CoreRun/CoreRun/CoreRun
-logFile
Logs/AssetImportWorker1.log
-srvPort
52046
Successfully changed project path to: E:/UnityProjects/DesignAndPublishUnity/CoreRun/CoreRun/CoreRun
E:/UnityProjects/DesignAndPublishUnity/CoreRun/CoreRun/CoreRun
Using Asset Import Pipeline V2.
Refreshing native plugins compatible for Editor in 35.77 ms, found 0 plugins.
Preloading 0 native plugins for Editor in 0.00 ms.
Initialize engine version: 2020.3.7f1 (dd97f2c94397)
[Subsystems] Discovering subsystems at path C:/Program Files/Unity/Hub/Editor/2020.3.7f1/Editor/Data/Resources/UnitySubsystems
[Subsystems] Discovering subsystems at path E:/UnityProjects/DesignAndPublishUnity/CoreRun/CoreRun/CoreRun/Assets
GfxDevice: creating device client; threaded=0
Direct3D:
    Version:  Direct3D 11.0 [level 11.1]
    Renderer: NVIDIA GeForce GTX 1060 6GB (ID=0x1c03)
    Vendor:   
    VRAM:     6052 MB
    Driver:   27.21.14.6079
Initialize mono
Mono path[0] = 'C:/Program Files/Unity/Hub/Editor/2020.3.7f1/Editor/Data/Managed'
Mono path[1] = 'C:/Program Files/Unity/Hub/Editor/2020.3.7f1/Editor/Data/MonoBleedingEdge/lib/mono/unityjit'
Mono config path = 'C:/Program Files/Unity/Hub/Editor/2020.3.7f1/Editor/Data/MonoBleedingEdge/etc'
Using monoOptions --debugger-agent=transport=dt_socket,embedding=1,server=y,suspend=n,address=127.0.0.1:56300
Begin MonoManager ReloadAssembly
Registering precompiled unity dll's ...
Register platform support module: C:/Program Files/Unity/Hub/Editor/2020.3.7f1/Editor/Data/PlaybackEngines/WebGLSupport/UnityEditor.WebGL.Extensions.dll
Register platform support module: C:/Program Files/Unity/Hub/Editor/2020.3.7f1/Editor/Data/PlaybackEngines/WindowsStandaloneSupport/UnityEditor.WindowsStandalone.Extensions.dll
Registered in 0.004001 seconds.
Native extension for WindowsStandalone target not found
Native extension for WebGL target not found
Refreshing native plugins compatible for Editor in 25.77 ms, found 0 plugins.
Preloading 0 native plugins for Editor in 0.00 ms.
Mono: successfully reloaded assembly
- Completed reload, in  1.396 seconds
Platform modules already initialized, skipping
Registering precompiled user dll's ...
Registered in 0.000517 seconds.
Begin MonoManager ReloadAssembly
Native extension for WindowsStandalone target not found
Native extension for WebGL target not found
Refreshing native plugins compatible for Editor in 0.32 ms, found 0 plugins.
Preloading 0 native plugins for Editor in 0.00 ms.
Mono: successfully reloaded assembly
- Completed reload, in  0.860 seconds
Platform modules already initialized, skipping
========================================================================
Worker process is ready to serve import requests
Launched and connected shader compiler UnityShaderCompiler.exe after 0.05 seconds
Refreshing native plugins compatible for Editor in 0.28 ms, found 0 plugins.
Preloading 0 native plugins for Editor in 0.00 ms.
Unloading 1532 Unused Serialized files (Serialized files now loaded: 0)
System memory in use before: 149.0 MB.
System memory in use after: 149.1 MB.

Unloading 10 unused Assets to reduce memory usage. Loaded Objects now: 1981.
Total: 2.077000 ms (FindLiveObjects: 0.198100 ms CreateObjectMapping: 0.136500 ms MarkObjects: 1.606500 ms  DeleteObjects: 0.135200 ms)

========================================================================
Received Import Request.
  path: Assets/Scripts/UIScripts/ColorizeText.cs
  artifactKey: Guid(27cf9a7555d3e2b478c8acefe778acea) Importer(815301076,1909f56bfc062723c751e8b465ee728b)
Start importing Assets/Scripts/UIScripts/ColorizeText.cs using Guid(27cf9a7555d3e2b478c8acefe778acea) Importer(815301076,1909f56bfc062723c751e8b465ee728b)  -> (artifact id: '4cece1c00e15ef040362834d925724e7') in 0.032423 seconds
  Import took 0.039080 seconds .

========================================================================
Received Import Request.
  Time since last request: 0.629413 seconds.
  path: Assets/Scripts/UIScripts/ColorTitle.cs
  artifactKey: Guid(3b6f3ab7729a7ba4dbc9b47ea9b557aa) Importer(815301076,1909f56bfc062723c751e8b465ee728b)
Start importing Assets/Scripts/UIScripts/ColorTitle.cs using Guid(3b6f3ab7729a7ba4dbc9b47ea9b557aa) Importer(815301076,1909f56bfc062723c751e8b465ee728b)  -> (artifact id: '565087f558cfd010ca6e1c57a4263134') in 0.001416 seconds
  Import took 0.008048 seconds .

========================================================================
Received Import Request.
  Time since last request: 0.023768 seconds.
  path: Assets/Scripts/UIScripts/ColorTitle.cs
  artifactKey: Guid(3b6f3ab7729a7ba4dbc9b47ea9b557aa) Importer(815301076,1909f56bfc062723c751e8b465ee728b)
Start importing Assets/Scripts/UIScripts/ColorTitle.cs using Guid(3b6f3ab7729a7ba4dbc9b47ea9b557aa) Importer(815301076,1909f56bfc062723c751e8b465ee728b)  -> (artifact id: '565087f558cfd010ca6e1c57a4263134') in 0.001888 seconds
  Import took 0.004595 seconds .

========================================================================
Received Prepare
Registering precompiled user dll's ...
Registered in 0.000663 seconds.
Begin MonoManager ReloadAssembly
Native extension for WindowsStandalone target not found
Native extension for WebGL target not found
Refreshing native plugins compatible for Editor in 0.28 ms, found 0 plugins.
Preloading 0 native plugins for Editor in 0.00 ms.
Mono: successfully reloaded assembly
- Completed reload, in  0.791 seconds
Platform modules already initialized, skipping
Refreshing native plugins compatible for Editor in 0.28 ms, found 0 plugins.
Preloading 0 native plugins for Editor in 0.00 ms.
Unloading 1491 Unused Serialized files (Serialized files now loaded: 0)
System memory in use before: 145.5 MB.
System memory in use after: 145.6 MB.

Unloading 5 unused Assets to reduce memory usage. Loaded Objects now: 1984.
Total: 2.382800 ms (FindLiveObjects: 0.245000 ms CreateObjectMapping: 0.103400 ms MarkObjects: 1.906000 ms  DeleteObjects: 0.127600 ms)

========================================================================
Received Import Request.
  Time since last request: 214.916435 seconds.
  path: Assets/Scripts/UIScripts/ColorizeText.cs
  artifactKey: Guid(27cf9a7555d3e2b478c8acefe778acea) Importer(815301076,1909f56bfc062723c751e8b465ee728b)
Start importing Assets/Scripts/UIScripts/ColorizeText.cs using Guid(27cf9a7555d3e2b478c8acefe778acea) Importer(815301076,1909f56bfc062723c751e8b465ee728b)  -> (artifact id: '12f201a4a26f55d66591c573944c61f8') in 0.003631 seconds
  Import took 0.009945 seconds .

========================================================================
Received Prepare
Registering precompiled user dll's ...
Registered in 0.000531 seconds.
Begin MonoManager ReloadAssembly
Native extension for WindowsStandalone target not found
Native extension for WebGL target not found
Refreshing native plugins compatible for Editor in 0.28 ms, found 0 plugins.
Preloading 0 native plugins for Editor in 0.00 ms.
Mono: successfully reloaded assembly
- Completed reload, in  0.776 seconds
Platform modules already initialized, skipping
Refreshing native plugins compatible for Editor in 0.28 ms, found 0 plugins.
Preloading 0 native plugins for Editor in 0.00 ms.
Unloading 1491 Unused Serialized files (Serialized files now loaded: 0)
System memory in use before: 145.5 MB.
System memory in use after: 145.6 MB.

Unloading 5 unused Assets to reduce memory usage. Loaded Objects now: 1987.
Total: 1.762900 ms (FindLiveObjects: 0.127100 ms CreateObjectMapping: 0.044700 ms MarkObjects: 1.478300 ms  DeleteObjects: 0.111800 ms)

========================================================================
Received Prepare
Registering precompiled user dll's ...
Registered in 0.000852 seconds.
Begin MonoManager ReloadAssembly
Native extension for WindowsStandalone target not found
Native extension for WebGL target not found
Refreshing native plugins compatible for Editor in 0.34 ms, found 0 plugins.
Preloading 0 native plugins for Editor in 0.00 ms.
Mono: successfully reloaded assembly
- Completed reload, in  0.804 seconds
Platform modules already initialized, skipping
Refreshing native plugins compatible for Editor in 0.27 ms, found 0 plugins.
Preloading 0 native plugins for Editor in 0.00 ms.
Unloading 1491 Unused Serialized files (Serialized files now loaded: 0)
System memory in use before: 145.5 MB.
System memory in use after: 145.6 MB.

Unloading 5 unused Assets to reduce memory usage. Loaded Objects now: 1990.
Total: 1.895100 ms (FindLiveObjects: 0.227500 ms CreateObjectMapping: 0.098100 ms MarkObjects: 1.452400 ms  DeleteObjects: 0.115900 ms)

========================================================================
Received Prepare
Registering precompiled user dll's ...
Registered in 0.000963 seconds.
Begin MonoManager ReloadAssembly
Native extension for WindowsStandalone target not found
Native extension for WebGL target not found
Refreshing native plugins compatible for Editor in 0.31 ms, found 0 plugins.
Preloading 0 native plugins for Editor in 0.00 ms.
Mono: successfully reloaded assembly
- Completed reload, in  0.791 seconds
Platform modules already initialized, skipping
Refreshing native plugins compatible for Editor in 0.27 ms, found 0 plugins.
Preloading 0 native plugins for Editor in 0.00 ms.
Unloading 1491 Unused Serialized files (Serialized files now loaded: 0)
System memory in use before: 145.6 MB.
System memory in use after: 145.6 MB.

Unloading 5 unused Assets to reduce memory usage. Loaded Objects now: 1993.
Total: 1.862200 ms (FindLiveObjects: 0.164100 ms CreateObjectMapping: 0.079300 ms MarkObjects: 1.510600 ms  DeleteObjects: 0.107300 ms)

========================================================================
Received Prepare
Registering precompiled user dll's ...
Registered in 0.000536 seconds.
Begin MonoManager ReloadAssembly
Native extension for WindowsStandalone target not found
Native extension for WebGL target not found
Refreshing native plugins compatible for Editor in 0.27 ms, found 0 plugins.
Preloading 0 native plugins for Editor in 0.00 ms.
Mono: successfully reloaded assembly
- Completed reload, in  0.844 seconds
Platform modules already initialized, skipping
Refreshing native plugins compatible for Editor in 0.49 ms, found 0 plugins.
Preloading 0 native plugins for Editor in 0.00 ms.
Unloading 1490 Unused Serialized files (Serialized files now loaded: 0)
System memory in use before: 145.5 MB.
System memory in use after: 145.6 MB.

Unloading 6 unused Assets to reduce memory usage. Loaded Objects now: 1995.
Total: 2.270100 ms (FindLiveObjects: 0.183200 ms CreateObjectMapping: 0.100000 ms MarkObjects: 1.868900 ms  DeleteObjects: 0.117000 ms)

========================================================================
Received Prepare
Registering precompiled user dll's ...
Registered in 0.000502 seconds.
Begin MonoManager ReloadAssembly
Native extension for WindowsStandalone target not found
Native extension for WebGL target not found
Refreshing native plugins compatible for Editor in 0.31 ms, found 0 plugins.
Preloading 0 native plugins for Editor in 0.00 ms.
Mono: successfully reloaded assembly
- Completed reload, in  0.751 seconds
Platform modules already initialized, skipping
Refreshing native plugins compatible for Editor in 0.27 ms, found 0 plugins.
Preloading 0 native plugins for Editor in 0.00 ms.
Unloading 1490 Unused Serialized files (Serialized files now loaded: 0)
System memory in use before: 145.5 MB.
System memory in use after: 145.6 MB.

Unloading 5 unused Assets to reduce memory usage. Loaded Objects now: 1998.
Total: 2.151500 ms (FindLiveObjects: 0.232300 ms CreateObjectMapping: 0.146000 ms MarkObjects: 1.642700 ms  DeleteObjects: 0.129800 ms)

========================================================================
Received Import Request.
  Time since last request: 216.434512 seconds.
  path: Assets/Scenes/GameView.unity
  artifactKey: Guid(9fc0d4010bbf28b4594072e72b8655ab) Importer(815301076,1909f56bfc062723c751e8b465ee728b)
Start importing Assets/Scenes/GameView.unity using Guid(9fc0d4010bbf28b4594072e72b8655ab) Importer(815301076,1909f56bfc062723c751e8b465ee728b)  -> (artifact id: 'eb4ef9ffbf0ce89411d70f1a7cd139f1') in 0.013787 seconds
  Import took 0.020643 seconds .

========================================================================
Received Import Request.
  Time since last request: 0.001661 seconds.
  path: Assets/Scenes/GameView.unity
  artifactKey: Guid(9fc0d4010bbf28b4594072e72b8655ab) Importer(815301076,1909f56bfc062723c751e8b465ee728b)
Start importing Assets/Scenes/GameView.unity using Guid(9fc0d4010bbf28b4594072e72b8655ab) Importer(815301076,1909f56bfc062723c751e8b465ee728b)  -> (artifact id: 'eb4ef9ffbf0ce89411d70f1a7cd139f1') in 0.001601 seconds
  Import took 0.003841 seconds .

========================================================================
Received Prepare
Registering precompiled user dll's ...
Registered in 0.000586 seconds.
Begin MonoManager ReloadAssembly
Native extension for WindowsStandalone target not found
Native extension for WebGL target not found
Refreshing native plugins compatible for Editor in 0.28 ms, found 0 plugins.
Preloading 0 native plugins for Editor in 0.00 ms.
Mono: successfully reloaded assembly
- Completed reload, in  0.802 seconds
Platform modules already initialized, skipping
Refreshing native plugins compatible for Editor in 0.27 ms, found 0 plugins.
Preloading 0 native plugins for Editor in 0.00 ms.
Unloading 1490 Unused Serialized files (Serialized files now loaded: 0)
System memory in use before: 145.6 MB.
System memory in use after: 145.6 MB.

Unloading 5 unused Assets to reduce memory usage. Loaded Objects now: 2001.
Total: 1.846100 ms (FindLiveObjects: 0.245700 ms CreateObjectMapping: 0.095100 ms MarkObjects: 1.373900 ms  DeleteObjects: 0.121100 ms)

========================================================================
Received Prepare
Registering precompiled user dll's ...
Registered in 0.000560 seconds.
Begin MonoManager ReloadAssembly
Native extension for WindowsStandalone target not found
Native extension for WebGL target not found
Refreshing native plugins compatible for Editor in 0.32 ms, found 0 plugins.
Preloading 0 native plugins for Editor in 0.00 ms.
Mono: successfully reloaded assembly
- Completed reload, in  0.788 seconds
Platform modules already initialized, skipping
Refreshing native plugins compatible for Editor in 0.29 ms, found 0 plugins.
Preloading 0 native plugins for Editor in 0.00 ms.
Unloading 1490 Unused Serialized files (Serialized files now loaded: 0)
System memory in use before: 145.6 MB.
System memory in use after: 145.6 MB.

Unloading 5 unused Assets to reduce memory usage. Loaded Objects now: 2004.
Total: 2.247300 ms (FindLiveObjects: 0.178800 ms CreateObjectMapping: 0.110600 ms MarkObjects: 1.825500 ms  DeleteObjects: 0.131200 ms)

========================================================================
Received Prepare
Registering precompiled user dll's ...
Registered in 0.000591 seconds.
Begin MonoManager ReloadAssembly
Native extension for WindowsStandalone target not found
Native extension for WebGL target not found
Refreshing native plugins compatible for Editor in 0.39 ms, found 0 plugins.
Preloading 0 native plugins for Editor in 0.00 ms.
Mono: successfully reloaded assembly
- Completed reload, in  0.783 seconds
Platform modules already initialized, skipping
Refreshing native plugins compatible for Editor in 0.28 ms, found 0 plugins.
Preloading 0 native plugins for Editor in 0.00 ms.
Unloading 1490 Unused Serialized files (Serialized files now loaded: 0)
System memory in use before: 145.5 MB.
System memory in use after: 145.6 MB.

Unloading 5 unused Assets to reduce memory usage. Loaded Objects now: 2007.
Total: 1.762900 ms (FindLiveObjects: 0.236500 ms CreateObjectMapping: 0.107700 ms MarkObjects: 1.325100 ms  DeleteObjects: 0.092500 ms)

========================================================================
Received Prepare
Registering precompiled user dll's ...
Registered in 0.000803 seconds.
Begin MonoManager ReloadAssembly
Native extension for WindowsStandalone target not found
Native extension for WebGL target not found
Refreshing native plugins compatible for Editor in 0.56 ms, found 0 plugins.
Preloading 0 native plugins for Editor in 0.00 ms.
Mono: successfully reloaded assembly
- Completed reload, in  0.813 seconds
Platform modules already initialized, skipping
Refreshing native plugins compatible for Editor in 0.39 ms, found 0 plugins.
Preloading 0 native plugins for Editor in 0.00 ms.
Unloading 1490 Unused Serialized files (Serialized files now loaded: 0)
System memory in use before: 145.6 MB.
System memory in use after: 145.7 MB.

Unloading 5 unused Assets to reduce memory usage. Loaded Objects now: 2010.
Total: 2.082300 ms (FindLiveObjects: 0.175500 ms CreateObjectMapping: 0.087300 ms MarkObjects: 1.707000 ms  DeleteObjects: 0.111400 ms)

========================================================================
Received Prepare
Registering precompiled user dll's ...
Registered in 0.000539 seconds.
Begin MonoManager ReloadAssembly
Native extension for WindowsStandalone target not found
Native extension for WebGL target not found
Refreshing native plugins compatible for Editor in 0.30 ms, found 0 plugins.
Preloading 0 native plugins for Editor in 0.00 ms.
Mono: successfully reloaded assembly
- Completed reload, in  0.838 seconds
Platform modules already initialized, skipping
Refreshing native plugins compatible for Editor in 0.27 ms, found 0 plugins.
Preloading 0 native plugins for Editor in 0.00 ms.
Unloading 1490 Unused Serialized files (Serialized files now loaded: 0)
System memory in use before: 145.6 MB.
System memory in use after: 145.7 MB.

Unloading 5 unused Assets to reduce memory usage. Loaded Objects now: 2013.
Total: 2.036700 ms (FindLiveObjects: 0.165600 ms CreateObjectMapping: 0.047100 ms MarkObjects: 1.695400 ms  DeleteObjects: 0.127600 ms)

========================================================================
Received Prepare
Registering precompiled user dll's ...
Registered in 0.000543 seconds.
Begin MonoManager ReloadAssembly
Native extension for WindowsStandalone target not found
Native extension for WebGL target not found
Refreshing native plugins compatible for Editor in 0.64 ms, found 0 plugins.
Preloading 0 native plugins for Editor in 0.00 ms.
Mono: successfully reloaded assembly
- Completed reload, in  0.820 seconds
Platform modules already initialized, skipping
Refreshing native plugins compatible for Editor in 0.28 ms, found 0 plugins.
Preloading 0 native plugins for Editor in 0.00 ms.
Unloading 1490 Unused Serialized files (Serialized files now loaded: 0)
System memory in use before: 145.5 MB.
System memory in use after: 145.6 MB.

Unloading 5 unused Assets to reduce memory usage. Loaded Objects now: 2016.
Total: 1.715900 ms (FindLiveObjects: 0.144500 ms CreateObjectMapping: 0.065000 ms MarkObjects: 1.388000 ms  DeleteObjects: 0.117600 ms)

========================================================================
Received Prepare
Registering precompiled user dll's ...
Registered in 0.000826 seconds.
Begin MonoManager ReloadAssembly
Native extension for WindowsStandalone target not found
Native extension for WebGL target not found
Refreshing native plugins compatible for Editor in 0.43 ms, found 0 plugins.
Preloading 0 native plugins for Editor in 0.00 ms.
Mono: successfully reloaded assembly
- Completed reload, in  0.772 seconds
Platform modules already initialized, skipping
Refreshing native plugins compatible for Editor in 0.27 ms, found 0 plugins.
Preloading 0 native plugins for Editor in 0.00 ms.
Unloading 1490 Unused Serialized files (Serialized files now loaded: 0)
System memory in use before: 145.6 MB.
System memory in use after: 145.7 MB.

Unloading 5 unused Assets to reduce memory usage. Loaded Objects now: 2019.
Total: 1.785300 ms (FindLiveObjects: 0.179500 ms CreateObjectMapping: 0.042400 ms MarkObjects: 1.402400 ms  DeleteObjects: 0.159900 ms)

========================================================================
Received Prepare
Registering precompiled user dll's ...
Registered in 0.000498 seconds.
Begin MonoManager ReloadAssembly
Native extension for WindowsStandalone target not found
Native extension for WebGL target not found
Refreshing native plugins compatible for Editor in 0.27 ms, found 0 plugins.
Preloading 0 native plugins for Editor in 0.00 ms.
Mono: successfully reloaded assembly
- Completed reload, in  0.796 seconds
Platform modules already initialized, skipping
Refreshing native plugins compatible for Editor in 0.30 ms, found 0 plugins.
Preloading 0 native plugins for Editor in 0.00 ms.
Unloading 1490 Unused Serialized files (Serialized files now loaded: 0)
System memory in use before: 145.6 MB.
System memory in use after: 145.7 MB.

Unloading 5 unused Assets to reduce memory usage. Loaded Objects now: 2022.
Total: 2.491000 ms (FindLiveObjects: 0.254400 ms CreateObjectMapping: 0.130100 ms MarkObjects: 1.985500 ms  DeleteObjects: 0.120000 ms)

========================================================================
Received Prepare
Registering precompiled user dll's ...
Registered in 0.000539 seconds.
Begin MonoManager ReloadAssembly
Native extension for WindowsStandalone target not found
Native extension for WebGL target not found
Refreshing native plugins compatible for Editor in 0.27 ms, found 0 plugins.
Preloading 0 native plugins for Editor in 0.00 ms.
Mono: successfully reloaded assembly
- Completed reload, in  0.824 seconds
Platform modules already initialized, skipping
Refreshing native plugins compatible for Editor in 0.28 ms, found 0 plugins.
Preloading 0 native plugins for Editor in 0.00 ms.
Unloading 1490 Unused Serialized files (Serialized files now loaded: 0)
System memory in use before: 145.6 MB.
System memory in use after: 145.6 MB.

Unloading 5 unused Assets to reduce memory usage. Loaded Objects now: 2025.
Total: 2.059500 ms (FindLiveObjects: 0.280900 ms CreateObjectMapping: 0.051600 ms MarkObjects: 1.620800 ms  DeleteObjects: 0.105500 ms)

========================================================================
Received Prepare
Registering precompiled user dll's ...
Registered in 0.000559 seconds.
Begin MonoManager ReloadAssembly
Native extension for WindowsStandalone target not found
Native extension for WebGL target not found
Refreshing native plugins compatible for Editor in 0.27 ms, found 0 plugins.
Preloading 0 native plugins for Editor in 0.00 ms.
Mono: successfully reloaded assembly
- Completed reload, in  0.763 seconds
Platform modules already initialized, skipping
Refreshing native plugins compatible for Editor in 0.28 ms, found 0 plugins.
Preloading 0 native plugins for Editor in 0.00 ms.
Unloading 1490 Unused Serialized files (Serialized files now loaded: 0)
System memory in use before: 145.6 MB.
System memory in use after: 145.6 MB.

Unloading 5 unused Assets to reduce memory usage. Loaded Objects now: 2028.
Total: 1.964600 ms (FindLiveObjects: 0.202100 ms CreateObjectMapping: 0.060300 ms MarkObjects: 1.561700 ms  DeleteObjects: 0.129800 ms)

========================================================================
Received Prepare
Registering precompiled user dll's ...
Registered in 0.000548 seconds.
Begin MonoManager ReloadAssembly
Native extension for WindowsStandalone target not found
Native extension for WebGL target not found
Refreshing native plugins compatible for Editor in 0.42 ms, found 0 plugins.
Preloading 0 native plugins for Editor in 0.00 ms.
Mono: successfully reloaded assembly
- Completed reload, in  0.801 seconds
Platform modules already initialized, skipping
Refreshing native plugins compatible for Editor in 0.28 ms, found 0 plugins.
Preloading 0 native plugins for Editor in 0.00 ms.
Unloading 1490 Unused Serialized files (Serialized files now loaded: 0)
System memory in use before: 145.6 MB.
System memory in use after: 145.7 MB.

Unloading 5 unused Assets to reduce memory usage. Loaded Objects now: 2031.
Total: 1.947600 ms (FindLiveObjects: 0.231800 ms CreateObjectMapping: 0.128400 ms MarkObjects: 1.406800 ms  DeleteObjects: 0.179400 ms)

========================================================================
Received Prepare
Registering precompiled user dll's ...
Registered in 0.000535 seconds.
Begin MonoManager ReloadAssembly
Native extension for WindowsStandalone target not found
Native extension for WebGL target not found
Refreshing native plugins compatible for Editor in 0.30 ms, found 0 plugins.
Preloading 0 native plugins for Editor in 0.00 ms.
Mono: successfully reloaded assembly
- Completed reload, in  0.806 seconds
Platform modules already initialized, skipping
Refreshing native plugins compatible for Editor in 0.29 ms, found 0 plugins.
Preloading 0 native plugins for Editor in 0.00 ms.
Unloading 1490 Unused Serialized files (Serialized files now loaded: 0)
System memory in use before: 145.6 MB.
System memory in use after: 145.7 MB.

Unloading 5 unused Assets to reduce memory usage. Loaded Objects now: 2034.
Total: 2.355200 ms (FindLiveObjects: 0.317200 ms CreateObjectMapping: 0.177600 ms MarkObjects: 1.761600 ms  DeleteObjects: 0.097900 ms)

========================================================================
Received Prepare
Registering precompiled user dll's ...
Registered in 0.000576 seconds.
Begin MonoManager ReloadAssembly
Native extension for WindowsStandalone target not found
Native extension for WebGL target not found
Refreshing native plugins compatible for Editor in 0.27 ms, found 0 plugins.
Preloading 0 native plugins for Editor in 0.00 ms.
Mono: successfully reloaded assembly
- Completed reload, in  0.826 seconds
Platform modules already initialized, skipping
Refreshing native plugins compatible for Editor in 0.34 ms, found 0 plugins.
Preloading 0 native plugins for Editor in 0.00 ms.
Unloading 1490 Unused Serialized files (Serialized files now loaded: 0)
System memory in use before: 145.6 MB.
System memory in use after: 145.7 MB.

Unloading 5 unused Assets to reduce memory usage. Loaded Objects now: 2037.
Total: 2.240200 ms (FindLiveObjects: 0.210500 ms CreateObjectMapping: 0.107600 ms MarkObjects: 1.813800 ms  DeleteObjects: 0.107000 ms)

========================================================================
Received Prepare
Registering precompiled user dll's ...
Registered in 0.000532 seconds.
Begin MonoManager ReloadAssembly
Native extension for WindowsStandalone target not found
Native extension for WebGL target not found
Refreshing native plugins compatible for Editor in 0.27 ms, found 0 plugins.
Preloading 0 native plugins for Editor in 0.00 ms.
Mono: successfully reloaded assembly
- Completed reload, in  0.760 seconds
Platform modules already initialized, skipping
Refreshing native plugins compatible for Editor in 0.27 ms, found 0 plugins.
Preloading 0 native plugins for Editor in 0.00 ms.
Unloading 1490 Unused Serialized files (Serialized files now loaded: 0)
System memory in use before: 145.6 MB.
System memory in use after: 145.7 MB.

Unloading 5 unused Assets to reduce memory usage. Loaded Objects now: 2040.
Total: 2.201900 ms (FindLiveObjects: 0.237500 ms CreateObjectMapping: 0.117200 ms MarkObjects: 1.718500 ms  DeleteObjects: 0.127100 ms)

========================================================================
Received Prepare
Registering precompiled user dll's ...
Registered in 0.000553 seconds.
Begin MonoManager ReloadAssembly
Native extension for WindowsStandalone target not found
Native extension for WebGL target not found
Refreshing native plugins compatible for Editor in 0.27 ms, found 0 plugins.
Preloading 0 native plugins for Editor in 0.00 ms.
Mono: successfully reloaded assembly
- Completed reload, in  0.816 seconds
Platform modules already initialized, skipping
Refreshing native plugins compatible for Editor in 0.27 ms, found 0 plugins.
Preloading 0 native plugins for Editor in 0.00 ms.
Unloading 1490 Unused Serialized files (Serialized files now loaded: 0)
System memory in use before: 145.6 MB.
System memory in use after: 145.7 MB.

Unloading 5 unused Assets to reduce memory usage. Loaded Objects now: 2043.
Total: 1.941800 ms (FindLiveObjects: 0.207800 ms CreateObjectMapping: 0.081800 ms MarkObjects: 1.525700 ms  DeleteObjects: 0.125600 ms)

========================================================================
Received Prepare
Registering precompiled user dll's ...
Registered in 0.000562 seconds.
Begin MonoManager ReloadAssembly
Native extension for WindowsStandalone target not found
Native extension for WebGL target not found
Refreshing native plugins compatible for Editor in 0.31 ms, found 0 plugins.
Preloading 0 native plugins for Editor in 0.00 ms.
Mono: successfully reloaded assembly
- Completed reload, in  0.796 seconds
Platform modules already initialized, skipping
Refreshing native plugins compatible for Editor in 0.27 ms, found 0 plugins.
Preloading 0 native plugins for Editor in 0.00 ms.
Unloading 1490 Unused Serialized files (Serialized files now loaded: 0)
System memory in use before: 145.6 MB.
System memory in use after: 145.7 MB.

Unloading 5 unused Assets to reduce memory usage. Loaded Objects now: 2046.
Total: 2.523600 ms (FindLiveObjects: 0.211300 ms CreateObjectMapping: 0.104600 ms MarkObjects: 2.083500 ms  DeleteObjects: 0.123000 ms)

========================================================================
Received Prepare
Registering precompiled user dll's ...
Registered in 0.000810 seconds.
Begin MonoManager ReloadAssembly
Native extension for WindowsStandalone target not found
Native extension for WebGL target not found
Refreshing native plugins compatible for Editor in 0.27 ms, found 0 plugins.
Preloading 0 native plugins for Editor in 0.00 ms.
Mono: successfully reloaded assembly
- Completed reload, in  0.801 seconds
Platform modules already initialized, skipping
Refreshing native plugins compatible for Editor in 0.29 ms, found 0 plugins.
Preloading 0 native plugins for Editor in 0.00 ms.
Unloading 1490 Unused Serialized files (Serialized files now loaded: 0)
System memory in use before: 145.6 MB.
System memory in use after: 145.7 MB.

Unloading 5 unused Assets to reduce memory usage. Loaded Objects now: 2049.
Total: 2.116900 ms (FindLiveObjects: 0.226800 ms CreateObjectMapping: 0.121000 ms MarkObjects: 1.656300 ms  DeleteObjects: 0.110900 ms)

========================================================================
Received Prepare
Registering precompiled user dll's ...
Registered in 0.000579 seconds.
Begin MonoManager ReloadAssembly
Native extension for WindowsStandalone target not found
Native extension for WebGL target not found
Refreshing native plugins compatible for Editor in 0.27 ms, found 0 plugins.
Preloading 0 native plugins for Editor in 0.00 ms.
Mono: successfully reloaded assembly
- Completed reload, in  0.750 seconds
Platform modules already initialized, skipping
Refreshing native plugins compatible for Editor in 0.29 ms, found 0 plugins.
Preloading 0 native plugins for Editor in 0.00 ms.
Unloading 1490 Unused Serialized files (Serialized files now loaded: 0)
System memory in use before: 145.7 MB.
System memory in use after: 145.8 MB.

Unloading 5 unused Assets to reduce memory usage. Loaded Objects now: 2052.
Total: 2.426600 ms (FindLiveObjects: 0.183700 ms CreateObjectMapping: 0.094200 ms MarkObjects: 2.025400 ms  DeleteObjects: 0.122600 ms)

========================================================================
Received Prepare
Registering precompiled user dll's ...
Registered in 0.000574 seconds.
Begin MonoManager ReloadAssembly
Native extension for WindowsStandalone target not found
Native extension for WebGL target not found
Refreshing native plugins compatible for Editor in 0.37 ms, found 0 plugins.
Preloading 0 native plugins for Editor in 0.00 ms.
Mono: successfully reloaded assembly
- Completed reload, in  0.777 seconds
Platform modules already initialized, skipping
Refreshing native plugins compatible for Editor in 0.29 ms, found 0 plugins.
Preloading 0 native plugins for Editor in 0.00 ms.
Unloading 1490 Unused Serialized files (Serialized files now loaded: 0)
System memory in use before: 145.7 MB.
System memory in use after: 145.8 MB.

Unloading 5 unused Assets to reduce memory usage. Loaded Objects now: 2055.
Total: 2.152800 ms (FindLiveObjects: 0.253500 ms CreateObjectMapping: 0.153700 ms MarkObjects: 1.630400 ms  DeleteObjects: 0.114400 ms)

========================================================================
Received Prepare
Registering precompiled user dll's ...
Registered in 0.000603 seconds.
Begin MonoManager ReloadAssembly
Native extension for WindowsStandalone target not found
Native extension for WebGL target not found
Refreshing native plugins compatible for Editor in 0.31 ms, found 0 plugins.
Preloading 0 native plugins for Editor in 0.00 ms.
Mono: successfully reloaded assembly
- Completed reload, in  0.817 seconds
Platform modules already initialized, skipping
Refreshing native plugins compatible for Editor in 0.28 ms, found 0 plugins.
Preloading 0 native plugins for Editor in 0.00 ms.
Unloading 1490 Unused Serialized files (Serialized files now loaded: 0)
System memory in use before: 145.7 MB.
System memory in use after: 145.8 MB.

Unloading 5 unused Assets to reduce memory usage. Loaded Objects now: 2058.
Total: 2.049600 ms (FindLiveObjects: 0.165500 ms CreateObjectMapping: 0.134100 ms MarkObjects: 1.630200 ms  DeleteObjects: 0.118800 ms)

========================================================================
Received Prepare
Registering precompiled user dll's ...
Registered in 0.000553 seconds.
Begin MonoManager ReloadAssembly
Native extension for WindowsStandalone target not found
Native extension for WebGL target not found
Refreshing native plugins compatible for Editor in 0.29 ms, found 0 plugins.
Preloading 0 native plugins for Editor in 0.00 ms.
Mono: successfully reloaded assembly
- Completed reload, in  0.770 seconds
Platform modules already initialized, skipping
Refreshing native plugins compatible for Editor in 0.27 ms, found 0 plugins.
Preloading 0 native plugins for Editor in 0.00 ms.
Unloading 1490 Unused Serialized files (Serialized files now loaded: 0)
System memory in use before: 145.7 MB.
System memory in use after: 145.8 MB.

Unloading 5 unused Assets to reduce memory usage. Loaded Objects now: 2061.
Total: 1.904900 ms (FindLiveObjects: 0.142400 ms CreateObjectMapping: 0.046000 ms MarkObjects: 1.610700 ms  DeleteObjects: 0.105000 ms)

========================================================================
Received Prepare
Registering precompiled user dll's ...
Registered in 0.000509 seconds.
Begin MonoManager ReloadAssembly
Native extension for WindowsStandalone target not found
Native extension for WebGL target not found
Refreshing native plugins compatible for Editor in 0.45 ms, found 0 plugins.
Preloading 0 native plugins for Editor in 0.00 ms.
Mono: successfully reloaded assembly
- Completed reload, in  0.807 seconds
Platform modules already initialized, skipping
Refreshing native plugins compatible for Editor in 0.33 ms, found 0 plugins.
Preloading 0 native plugins for Editor in 0.00 ms.
Unloading 1490 Unused Serialized files (Serialized files now loaded: 0)
System memory in use before: 145.7 MB.
System memory in use after: 145.8 MB.

Unloading 5 unused Assets to reduce memory usage. Loaded Objects now: 2064.
Total: 2.358800 ms (FindLiveObjects: 0.390300 ms CreateObjectMapping: 0.168100 ms MarkObjects: 1.677500 ms  DeleteObjects: 0.121800 ms)

========================================================================
Received Import Request.
  Time since last request: 4189.431525 seconds.
  path: Assets/Scenes/MainMenu.unity
  artifactKey: Guid(26ea1be7599e7ce4f8d1b1e6842da003) Importer(815301076,1909f56bfc062723c751e8b465ee728b)
Start importing Assets/Scenes/MainMenu.unity using Guid(26ea1be7599e7ce4f8d1b1e6842da003) Importer(815301076,1909f56bfc062723c751e8b465ee728b)  -> (artifact id: '6c58623388b850b0a558ea99bb2d885c') in 0.012360 seconds
  Import took 0.015243 seconds .

========================================================================
Received Prepare
Registering precompiled user dll's ...
Registered in 0.000569 seconds.
Begin MonoManager ReloadAssembly
Native extension for WindowsStandalone target not found
Native extension for WebGL target not found
Refreshing native plugins compatible for Editor in 0.30 ms, found 0 plugins.
Preloading 0 native plugins for Editor in 0.00 ms.
Mono: successfully reloaded assembly
- Completed reload, in  0.805 seconds
Platform modules already initialized, skipping
Refreshing native plugins compatible for Editor in 0.28 ms, found 0 plugins.
Preloading 0 native plugins for Editor in 0.00 ms.
Unloading 1490 Unused Serialized files (Serialized files now loaded: 0)
System memory in use before: 145.8 MB.
System memory in use after: 145.8 MB.

Unloading 5 unused Assets to reduce memory usage. Loaded Objects now: 2067.
Total: 1.775600 ms (FindLiveObjects: 0.152800 ms CreateObjectMapping: 0.047700 ms MarkObjects: 1.441100 ms  DeleteObjects: 0.133200 ms)

========================================================================
Received Import Request.
  Time since last request: 152.478650 seconds.
  path: Assets/Scripts/UIScripts/ColorizeText.cs
  artifactKey: Guid(27cf9a7555d3e2b478c8acefe778acea) Importer(815301076,1909f56bfc062723c751e8b465ee728b)
Start importing Assets/Scripts/UIScripts/ColorizeText.cs using Guid(27cf9a7555d3e2b478c8acefe778acea) Importer(815301076,1909f56bfc062723c751e8b465ee728b)  -> (artifact id: '152c64c56dc1c3d2c82daa39876e53f4') in 0.004325 seconds
  Import took 0.011639 seconds .

========================================================================
Received Import Request.
  Time since last request: 0.000533 seconds.
  path: Assets/Scripts/UIScripts/ColorizeText.cs
  artifactKey: Guid(27cf9a7555d3e2b478c8acefe778acea) Importer(815301076,1909f56bfc062723c751e8b465ee728b)
Start importing Assets/Scripts/UIScripts/ColorizeText.cs using Guid(27cf9a7555d3e2b478c8acefe778acea) Importer(815301076,1909f56bfc062723c751e8b465ee728b)  -> (artifact id: '152c64c56dc1c3d2c82daa39876e53f4') in 0.001382 seconds
  Import took 0.004468 seconds .

========================================================================
Received Prepare
Registering precompiled user dll's ...
Registered in 0.000611 seconds.
Begin MonoManager ReloadAssembly
Native extension for WindowsStandalone target not found
Native extension for WebGL target not found
Refreshing native plugins compatible for Editor in 0.26 ms, found 0 plugins.
Preloading 0 native plugins for Editor in 0.00 ms.
Mono: successfully reloaded assembly
- Completed reload, in  0.801 seconds
Platform modules already initialized, skipping
Refreshing native plugins compatible for Editor in 0.28 ms, found 0 plugins.
Preloading 0 native plugins for Editor in 0.00 ms.
Unloading 1490 Unused Serialized files (Serialized files now loaded: 0)
System memory in use before: 145.7 MB.
System memory in use after: 145.8 MB.

Unloading 5 unused Assets to reduce memory usage. Loaded Objects now: 2070.
Total: 2.740400 ms (FindLiveObjects: 0.429300 ms CreateObjectMapping: 0.154000 ms MarkObjects: 2.027200 ms  DeleteObjects: 0.128700 ms)

========================================================================
Received Import Request.
  Time since last request: 22.217899 seconds.
  path: Assets/Scripts/UIScripts/ColorizeText.cs
  artifactKey: Guid(27cf9a7555d3e2b478c8acefe778acea) Importer(815301076,1909f56bfc062723c751e8b465ee728b)
Start importing Assets/Scripts/UIScripts/ColorizeText.cs using Guid(27cf9a7555d3e2b478c8acefe778acea) Importer(815301076,1909f56bfc062723c751e8b465ee728b)  -> (artifact id: '010db18c8c972a073f5e892c8e819b20') in 0.004228 seconds
  Import took 0.007020 seconds .

========================================================================
Received Prepare
Registering precompiled user dll's ...
Registered in 0.000560 seconds.
Begin MonoManager ReloadAssembly
Native extension for WindowsStandalone target not found
Native extension for WebGL target not found
Refreshing native plugins compatible for Editor in 0.27 ms, found 0 plugins.
Preloading 0 native plugins for Editor in 0.00 ms.
Mono: successfully reloaded assembly
- Completed reload, in  0.757 seconds
Platform modules already initialized, skipping
Refreshing native plugins compatible for Editor in 0.29 ms, found 0 plugins.
Preloading 0 native plugins for Editor in 0.00 ms.
Unloading 1490 Unused Serialized files (Serialized files now loaded: 0)
System memory in use before: 145.7 MB.
System memory in use after: 145.8 MB.

Unloading 5 unused Assets to reduce memory usage. Loaded Objects now: 2073.
Total: 1.816400 ms (FindLiveObjects: 0.126700 ms CreateObjectMapping: 0.047900 ms MarkObjects: 1.473500 ms  DeleteObjects: 0.167400 ms)

========================================================================
Received Prepare
Registering precompiled user dll's ...
Registered in 0.000498 seconds.
Begin MonoManager ReloadAssembly
Native extension for WindowsStandalone target not found
Native extension for WebGL target not found
Refreshing native plugins compatible for Editor in 0.30 ms, found 0 plugins.
Preloading 0 native plugins for Editor in 0.00 ms.
Mono: successfully reloaded assembly
- Completed reload, in  0.799 seconds
Platform modules already initialized, skipping
Refreshing native plugins compatible for Editor in 0.27 ms, found 0 plugins.
Preloading 0 native plugins for Editor in 0.00 ms.
Unloading 1490 Unused Serialized files (Serialized files now loaded: 0)
System memory in use before: 145.8 MB.
System memory in use after: 145.9 MB.

Unloading 5 unused Assets to reduce memory usage. Loaded Objects now: 2076.
Total: 2.569100 ms (FindLiveObjects: 0.294600 ms CreateObjectMapping: 0.170100 ms MarkObjects: 1.976600 ms  DeleteObjects: 0.127200 ms)

========================================================================
Received Import Request.
  Time since last request: 96.970928 seconds.
  path: Assets/Scripts/JiggleAnimation.cs
  artifactKey: Guid(bbb7b74f9366499468cd7476e209b2ea) Importer(815301076,1909f56bfc062723c751e8b465ee728b)
Start importing Assets/Scripts/JiggleAnimation.cs using Guid(bbb7b74f9366499468cd7476e209b2ea) Importer(815301076,1909f56bfc062723c751e8b465ee728b)  -> (artifact id: '0739d618434ca4ad595b77d38c7f0e9e') in 0.003803 seconds
  Import took 0.006937 seconds .

========================================================================
Received Import Request.
  Time since last request: 0.029905 seconds.
  path: Assets/Scripts/JiggleAnimation.cs
  artifactKey: Guid(bbb7b74f9366499468cd7476e209b2ea) Importer(815301076,1909f56bfc062723c751e8b465ee728b)
Start importing Assets/Scripts/JiggleAnimation.cs using Guid(bbb7b74f9366499468cd7476e209b2ea) Importer(815301076,1909f56bfc062723c751e8b465ee728b)  -> (artifact id: '0739d618434ca4ad595b77d38c7f0e9e') in 0.001522 seconds
  Import took 0.004070 seconds .

========================================================================
Received Import Request.
  Time since last request: 6.309002 seconds.
  path: Assets/Scripts/LayerCountdown.cs
  artifactKey: Guid(bd0fbedde64caf64496122842d6f5a31) Importer(815301076,1909f56bfc062723c751e8b465ee728b)
Start importing Assets/Scripts/LayerCountdown.cs using Guid(bd0fbedde64caf64496122842d6f5a31) Importer(815301076,1909f56bfc062723c751e8b465ee728b)  -> (artifact id: '12c0eba19a6c9d0ada81dfeaf33cd7e3') in 0.001407 seconds
  Import took 0.003991 seconds .

========================================================================
Received Import Request.
  Time since last request: 0.001828 seconds.
  path: Assets/Scripts/LayerCountdown.cs
  artifactKey: Guid(bd0fbedde64caf64496122842d6f5a31) Importer(815301076,1909f56bfc062723c751e8b465ee728b)
Start importing Assets/Scripts/LayerCountdown.cs using Guid(bd0fbedde64caf64496122842d6f5a31) Importer(815301076,1909f56bfc062723c751e8b465ee728b)  -> (artifact id: '12c0eba19a6c9d0ada81dfeaf33cd7e3') in 0.001627 seconds
  Import took 0.004108 seconds .

========================================================================
Received Prepare
Registering precompiled user dll's ...
Registered in 0.000623 seconds.
Begin MonoManager ReloadAssembly
Native extension for WindowsStandalone target not found
Native extension for WebGL target not found
Refreshing native plugins compatible for Editor in 0.27 ms, found 0 plugins.
Preloading 0 native plugins for Editor in 0.00 ms.
Mono: successfully reloaded assembly
- Completed reload, in  0.785 seconds
Platform modules already initialized, skipping
Refreshing native plugins compatible for Editor in 0.29 ms, found 0 plugins.
Preloading 0 native plugins for Editor in 0.00 ms.
Unloading 1490 Unused Serialized files (Serialized files now loaded: 0)
System memory in use before: 145.8 MB.
System memory in use after: 145.9 MB.

Unloading 5 unused Assets to reduce memory usage. Loaded Objects now: 2079.
Total: 2.156500 ms (FindLiveObjects: 0.215000 ms CreateObjectMapping: 0.046700 ms MarkObjects: 1.774000 ms  DeleteObjects: 0.119700 ms)

========================================================================
Received Prepare
Registering precompiled user dll's ...
Registered in 0.000547 seconds.
Begin MonoManager ReloadAssembly
Native extension for WindowsStandalone target not found
Native extension for WebGL target not found
Refreshing native plugins compatible for Editor in 0.26 ms, found 0 plugins.
Preloading 0 native plugins for Editor in 0.00 ms.
Mono: successfully reloaded assembly
- Completed reload, in  0.788 seconds
Platform modules already initialized, skipping
Refreshing native plugins compatible for Editor in 0.28 ms, found 0 plugins.
Preloading 0 native plugins for Editor in 0.00 ms.
Unloading 1490 Unused Serialized files (Serialized files now loaded: 0)
System memory in use before: 145.7 MB.
System memory in use after: 145.8 MB.

Unloading 5 unused Assets to reduce memory usage. Loaded Objects now: 2082.
Total: 2.020200 ms (FindLiveObjects: 0.204000 ms CreateObjectMapping: 0.097500 ms MarkObjects: 1.590200 ms  DeleteObjects: 0.127300 ms)

========================================================================
Received Prepare
Registering precompiled user dll's ...
Registered in 0.000791 seconds.
Begin MonoManager ReloadAssembly
Native extension for WindowsStandalone target not found
Native extension for WebGL target not found
Refreshing native plugins compatible for Editor in 0.27 ms, found 0 plugins.
Preloading 0 native plugins for Editor in 0.00 ms.
Mono: successfully reloaded assembly
- Completed reload, in  0.802 seconds
Platform modules already initialized, skipping
Refreshing native plugins compatible for Editor in 0.28 ms, found 0 plugins.
Preloading 0 native plugins for Editor in 0.00 ms.
Unloading 1490 Unused Serialized files (Serialized files now loaded: 0)
System memory in use before: 145.8 MB.
System memory in use after: 145.9 MB.

Unloading 5 unused Assets to reduce memory usage. Loaded Objects now: 2085.
Total: 2.081700 ms (FindLiveObjects: 0.249800 ms CreateObjectMapping: 0.067200 ms MarkObjects: 1.632800 ms  DeleteObjects: 0.130300 ms)

========================================================================
Received Prepare
Registering precompiled user dll's ...
Registered in 0.000566 seconds.
Begin MonoManager ReloadAssembly
Native extension for WindowsStandalone target not found
Native extension for WebGL target not found
Refreshing native plugins compatible for Editor in 0.33 ms, found 0 plugins.
Preloading 0 native plugins for Editor in 0.00 ms.
Mono: successfully reloaded assembly
- Completed reload, in  0.779 seconds
Platform modules already initialized, skipping
Refreshing native plugins compatible for Editor in 0.27 ms, found 0 plugins.
Preloading 0 native plugins for Editor in 0.00 ms.
Unloading 1490 Unused Serialized files (Serialized files now loaded: 0)
System memory in use before: 145.8 MB.
System memory in use after: 145.9 MB.

Unloading 5 unused Assets to reduce memory usage. Loaded Objects now: 2088.
Total: 2.206900 ms (FindLiveObjects: 0.324300 ms CreateObjectMapping: 0.110700 ms MarkObjects: 1.671800 ms  DeleteObjects: 0.099300 ms)

========================================================================
Received Import Request.
  Time since last request: 1484.275742 seconds.
  path: Assets/Scenes/GameView.unity
  artifactKey: Guid(9fc0d4010bbf28b4594072e72b8655ab) Importer(815301076,1909f56bfc062723c751e8b465ee728b)
Start importing Assets/Scenes/GameView.unity using Guid(9fc0d4010bbf28b4594072e72b8655ab) Importer(815301076,1909f56bfc062723c751e8b465ee728b)  -> (artifact id: '4ea3c18c790274fd3dc5ea16a49e9525') in 0.011569 seconds
  Import took 0.014676 seconds .

========================================================================
Received Import Request.
  Time since last request: 5.175437 seconds.
  path: Assets/PRINCIPLE SOUND DESIGN - Mini Monsters
  artifactKey: Guid(adcbc984e30ae0e4aa97cb753500ec59) Importer(815301076,1909f56bfc062723c751e8b465ee728b)
Start importing Assets/PRINCIPLE SOUND DESIGN - Mini Monsters using Guid(adcbc984e30ae0e4aa97cb753500ec59) Importer(815301076,1909f56bfc062723c751e8b465ee728b)  -> (artifact id: '700cbec34fe6d0da273e9c0c6189634e') in 0.001496 seconds
  Import took 0.004130 seconds .

========================================================================
Received Import Request.
  Time since last request: 32.337374 seconds.
  path: Assets/MyPrefabs/EvilFlyingPink.prefab
  artifactKey: Guid(201265d56b9dc9e4e957d2ed19d31ffe) Importer(815301076,1909f56bfc062723c751e8b465ee728b)
Start importing Assets/MyPrefabs/EvilFlyingPink.prefab using Guid(201265d56b9dc9e4e957d2ed19d31ffe) Importer(815301076,1909f56bfc062723c751e8b465ee728b)  -> (artifact id: 'f7aa430164b037f154a18292b686950d') in 0.041593 seconds
  Import took 0.044400 seconds .

========================================================================
Received Import Request.
  Time since last request: 0.507580 seconds.
  path: Assets/MyPrefabs/EvilRectangleYellow.prefab
  artifactKey: Guid(ed591ac42d6df314e96a50b6e4d48395) Importer(815301076,1909f56bfc062723c751e8b465ee728b)
Start importing Assets/MyPrefabs/EvilRectangleYellow.prefab using Guid(ed591ac42d6df314e96a50b6e4d48395) Importer(815301076,1909f56bfc062723c751e8b465ee728b)  -> (artifact id: 'a31009f978628033c0a704ce8fb8cd68') in 0.065841 seconds
  Import took 0.068720 seconds .

========================================================================
Received Import Request.
  Time since last request: 0.000600 seconds.
  path: Assets/MyPrefabs/EvilRectangleYellow.prefab
  artifactKey: Guid(ed591ac42d6df314e96a50b6e4d48395) Importer(815301076,1909f56bfc062723c751e8b465ee728b)
Start importing Assets/MyPrefabs/EvilRectangleYellow.prefab using Guid(ed591ac42d6df314e96a50b6e4d48395) Importer(815301076,1909f56bfc062723c751e8b465ee728b)  -> (artifact id: 'a31009f978628033c0a704ce8fb8cd68') in 0.007829 seconds
  Import took 0.010497 seconds .

========================================================================
Received Import Request.
  Time since last request: 13.433647 seconds.
  path: Assets/MyPrefabs/EvilBigRed.prefab
  artifactKey: Guid(a3100ef04943ac94d86e4b2a4a6dc349) Importer(815301076,1909f56bfc062723c751e8b465ee728b)
Start importing Assets/MyPrefabs/EvilBigRed.prefab using Guid(a3100ef04943ac94d86e4b2a4a6dc349) Importer(815301076,1909f56bfc062723c751e8b465ee728b)  -> (artifact id: 'e2d39c36a510dc546af0b3e9401c5ca4') in 0.017389 seconds
  Import took 0.020133 seconds .

========================================================================
Received Import Request.
  Time since last request: 0.001010 seconds.
  path: Assets/MyPrefabs/EvilBigRed.prefab
  artifactKey: Guid(a3100ef04943ac94d86e4b2a4a6dc349) Importer(815301076,1909f56bfc062723c751e8b465ee728b)
Start importing Assets/MyPrefabs/EvilBigRed.prefab using Guid(a3100ef04943ac94d86e4b2a4a6dc349) Importer(815301076,1909f56bfc062723c751e8b465ee728b)  -> (artifact id: 'e2d39c36a510dc546af0b3e9401c5ca4') in 0.016216 seconds
  Import took 0.019500 seconds .

========================================================================
Received Import Request.
  Time since last request: 95.940141 seconds.
  path: Assets/MyPrefabs/prefabGraphics/EvilRectangleYellowGraphic.prefab
  artifactKey: Guid(832dd1277bde5ac4083acce002489a2f) Importer(815301076,1909f56bfc062723c751e8b465ee728b)
Start importing Assets/MyPrefabs/prefabGraphics/EvilRectangleYellowGraphic.prefab using Guid(832dd1277bde5ac4083acce002489a2f) Importer(815301076,1909f56bfc062723c751e8b465ee728b)  -> (artifact id: '8d4c1a524ef9fe032dbed83f08118d64') in 0.007621 seconds
  Import took 0.015133 seconds .

========================================================================
Received Import Request.
  Time since last request: 2.524907 seconds.
  path: Assets/MyPrefabs/prefabGraphics/EvilFlyingPinkGraphic.prefab
  artifactKey: Guid(2effb72051877fd4e9212b7ef1e7e3b4) Importer(815301076,1909f56bfc062723c751e8b465ee728b)
Start importing Assets/MyPrefabs/prefabGraphics/EvilFlyingPinkGraphic.prefab using Guid(2effb72051877fd4e9212b7ef1e7e3b4) Importer(815301076,1909f56bfc062723c751e8b465ee728b)  -> (artifact id: 'b7cb37de0172b05882bdfe9c37035d99') in 0.005573 seconds
  Import took 0.012208 seconds .

========================================================================
Received Import Request.
  Time since last request: 4.237857 seconds.
  path: Assets/MyPrefabs/prefabGraphics/EvilRectangleYellowGraphic.prefab
  artifactKey: Guid(832dd1277bde5ac4083acce002489a2f) Importer(815301076,1909f56bfc062723c751e8b465ee728b)
Start importing Assets/MyPrefabs/prefabGraphics/EvilRectangleYellowGraphic.prefab using Guid(832dd1277bde5ac4083acce002489a2f) Importer(815301076,1909f56bfc062723c751e8b465ee728b)  -> (artifact id: 'd9d73611384219226e7c9b2df00c57a9') in 0.010386 seconds
  Import took 0.014066 seconds .

========================================================================
Received Import Request.
  Time since last request: 3.409909 seconds.
  path: Assets/MyPrefabs/prefabGraphics/EvilRectangleYellowGraphic.prefab
  artifactKey: Guid(832dd1277bde5ac4083acce002489a2f) Importer(815301076,1909f56bfc062723c751e8b465ee728b)
Start importing Assets/MyPrefabs/prefabGraphics/EvilRectangleYellowGraphic.prefab using Guid(832dd1277bde5ac4083acce002489a2f) Importer(815301076,1909f56bfc062723c751e8b465ee728b)  -> (artifact id: '41e0ec2de952035e8e2d5d843baf882f') in 0.012446 seconds
  Import took 0.015838 seconds .

========================================================================
Received Prepare
Registering precompiled user dll's ...
Registered in 0.000597 seconds.
Begin MonoManager ReloadAssembly
Native extension for WindowsStandalone target not found
Native extension for WebGL target not found
Refreshing native plugins compatible for Editor in 0.29 ms, found 0 plugins.
Preloading 0 native plugins for Editor in 0.00 ms.
Mono: successfully reloaded assembly
- Completed reload, in  0.893 seconds
Platform modules already initialized, skipping
Refreshing native plugins compatible for Editor in 0.27 ms, found 0 plugins.
Preloading 0 native plugins for Editor in 0.00 ms.
Unloading 1490 Unused Serialized files (Serialized files now loaded: 0)
System memory in use before: 149.0 MB.
System memory in use after: 149.1 MB.

Unloading 6 unused Assets to reduce memory usage. Loaded Objects now: 2101.
Total: 1.837300 ms (FindLiveObjects: 0.179800 ms CreateObjectMapping: 0.061300 ms MarkObjects: 1.502900 ms  DeleteObjects: 0.092400 ms)

========================================================================
Received Import Request.
  Time since last request: 20.917736 seconds.
  path: Assets/MyPrefabs/prefabGraphics/EvilRectangleYellowGraphic.prefab
  artifactKey: Guid(832dd1277bde5ac4083acce002489a2f) Importer(815301076,1909f56bfc062723c751e8b465ee728b)
Start importing Assets/MyPrefabs/prefabGraphics/EvilRectangleYellowGraphic.prefab using Guid(832dd1277bde5ac4083acce002489a2f) Importer(815301076,1909f56bfc062723c751e8b465ee728b)  -> (artifact id: '65ff71cea0ccca3ac1fc759917ec0d12') in 0.071150 seconds
  Import took 0.075386 seconds .

========================================================================
Received Import Request.
  Time since last request: 12.286134 seconds.
  path: Assets/MyPrefabs/prefabGraphics/EvilRectangleYellowGraphic.prefab
  artifactKey: Guid(832dd1277bde5ac4083acce002489a2f) Importer(815301076,1909f56bfc062723c751e8b465ee728b)
Start importing Assets/MyPrefabs/prefabGraphics/EvilRectangleYellowGraphic.prefab using Guid(832dd1277bde5ac4083acce002489a2f) Importer(815301076,1909f56bfc062723c751e8b465ee728b)  -> (artifact id: 'f4cfd14dc5c853ceb71d524c1449fff2') in 0.010712 seconds
  Import took 0.014699 seconds .

========================================================================
Received Import Request.
  Time since last request: 0.584267 seconds.
  path: Assets/MyPrefabs/prefabGraphics/EvilRectangleYellowGraphic.prefab
  artifactKey: Guid(832dd1277bde5ac4083acce002489a2f) Importer(815301076,1909f56bfc062723c751e8b465ee728b)
Start importing Assets/MyPrefabs/prefabGraphics/EvilRectangleYellowGraphic.prefab using Guid(832dd1277bde5ac4083acce002489a2f) Importer(815301076,1909f56bfc062723c751e8b465ee728b)  -> (artifact id: '2b3518c1f9a680cb6682a81a279ac402') in 0.009631 seconds
  Import took 0.012474 seconds .

========================================================================
Received Prepare
Registering precompiled user dll's ...
Registered in 0.000562 seconds.
Begin MonoManager ReloadAssembly
Native extension for WindowsStandalone target not found
Native extension for WebGL target not found
Refreshing native plugins compatible for Editor in 0.32 ms, found 0 plugins.
Preloading 0 native plugins for Editor in 0.00 ms.
Mono: successfully reloaded assembly
- Completed reload, in  0.771 seconds
Platform modules already initialized, skipping
Refreshing native plugins compatible for Editor in 0.27 ms, found 0 plugins.
Preloading 0 native plugins for Editor in 0.00 ms.
Unloading 1490 Unused Serialized files (Serialized files now loaded: 0)
System memory in use before: 149.0 MB.
System memory in use after: 149.1 MB.

Unloading 6 unused Assets to reduce memory usage. Loaded Objects now: 2105.
Total: 2.271900 ms (FindLiveObjects: 0.206400 ms CreateObjectMapping: 0.083900 ms MarkObjects: 1.865300 ms  DeleteObjects: 0.115400 ms)

========================================================================
Received Import Request.
  Time since last request: 21.465435 seconds.
  path: Assets/MyPrefabs/prefabGraphics/EvilRectangleYellowGraphic.prefab
  artifactKey: Guid(832dd1277bde5ac4083acce002489a2f) Importer(815301076,1909f56bfc062723c751e8b465ee728b)
Start importing Assets/MyPrefabs/prefabGraphics/EvilRectangleYellowGraphic.prefab using Guid(832dd1277bde5ac4083acce002489a2f) Importer(815301076,1909f56bfc062723c751e8b465ee728b)  -> (artifact id: '51390a74546d8560e722553730324269') in 0.058120 seconds
  Import took 0.061093 seconds .

========================================================================
Received Prepare
Registering precompiled user dll's ...
Registered in 0.000750 seconds.
Begin MonoManager ReloadAssembly
Native extension for WindowsStandalone target not found
Native extension for WebGL target not found
Refreshing native plugins compatible for Editor in 0.26 ms, found 0 plugins.
Preloading 0 native plugins for Editor in 0.00 ms.
Mono: successfully reloaded assembly
- Completed reload, in  0.767 seconds
Platform modules already initialized, skipping
Refreshing native plugins compatible for Editor in 0.29 ms, found 0 plugins.
Preloading 0 native plugins for Editor in 0.00 ms.
Unloading 1490 Unused Serialized files (Serialized files now loaded: 0)
System memory in use before: 149.1 MB.
System memory in use after: 149.1 MB.

Unloading 6 unused Assets to reduce memory usage. Loaded Objects now: 2109.
Total: 2.031600 ms (FindLiveObjects: 0.158100 ms CreateObjectMapping: 0.076200 ms MarkObjects: 1.692400 ms  DeleteObjects: 0.103900 ms)

========================================================================
Received Import Request.
  Time since last request: 15.858848 seconds.
  path: Assets/MyPrefabs/prefabGraphics/EvilRectangleYellowGraphic.prefab
  artifactKey: Guid(832dd1277bde5ac4083acce002489a2f) Importer(815301076,1909f56bfc062723c751e8b465ee728b)
Start importing Assets/MyPrefabs/prefabGraphics/EvilRectangleYellowGraphic.prefab using Guid(832dd1277bde5ac4083acce002489a2f) Importer(815301076,1909f56bfc062723c751e8b465ee728b)  -> (artifact id: '96229e3c03c09150fbb7cf84e5404bf5') in 0.057790 seconds
  Import took 0.065341 seconds .

========================================================================
Received Prepare
Registering precompiled user dll's ...
Registered in 0.000566 seconds.
Begin MonoManager ReloadAssembly
Native extension for WindowsStandalone target not found
Native extension for WebGL target not found
Refreshing native plugins compatible for Editor in 0.27 ms, found 0 plugins.
Preloading 0 native plugins for Editor in 0.00 ms.
Mono: successfully reloaded assembly
- Completed reload, in  0.760 seconds
Platform modules already initialized, skipping
Refreshing native plugins compatible for Editor in 0.28 ms, found 0 plugins.
Preloading 0 native plugins for Editor in 0.00 ms.
Unloading 1490 Unused Serialized files (Serialized files now loaded: 0)
System memory in use before: 149.0 MB.
System memory in use after: 149.1 MB.

Unloading 6 unused Assets to reduce memory usage. Loaded Objects now: 2113.
Total: 1.782100 ms (FindLiveObjects: 0.150400 ms CreateObjectMapping: 0.044400 ms MarkObjects: 1.484400 ms  DeleteObjects: 0.102100 ms)

========================================================================
Received Import Request.
  Time since last request: 40.376262 seconds.
  path: Assets/MyPrefabs/prefabGraphics/EvilRectangleYellowGraphic.prefab
  artifactKey: Guid(832dd1277bde5ac4083acce002489a2f) Importer(815301076,1909f56bfc062723c751e8b465ee728b)
Start importing Assets/MyPrefabs/prefabGraphics/EvilRectangleYellowGraphic.prefab using Guid(832dd1277bde5ac4083acce002489a2f) Importer(815301076,1909f56bfc062723c751e8b465ee728b)  -> (artifact id: '88e56293f8eaa1052f5820bd035e614b') in 0.062352 seconds
  Import took 0.068879 seconds .

========================================================================
Received Import Request.
  Time since last request: 2.021326 seconds.
  path: Assets/MyPrefabs/prefabGraphics/EvilRectangleYellowGraphic.prefab
  artifactKey: Guid(832dd1277bde5ac4083acce002489a2f) Importer(815301076,1909f56bfc062723c751e8b465ee728b)
Start importing Assets/MyPrefabs/prefabGraphics/EvilRectangleYellowGraphic.prefab using Guid(832dd1277bde5ac4083acce002489a2f) Importer(815301076,1909f56bfc062723c751e8b465ee728b)  -> (artifact id: '88e56293f8eaa1052f5820bd035e614b') in 0.006566 seconds
  Import took 0.009154 seconds .

========================================================================
Received Prepare
Registering precompiled user dll's ...
Registered in 0.000571 seconds.
Begin MonoManager ReloadAssembly
Native extension for WindowsStandalone target not found
Native extension for WebGL target not found
Refreshing native plugins compatible for Editor in 0.40 ms, found 0 plugins.
Preloading 0 native plugins for Editor in 0.00 ms.
Mono: successfully reloaded assembly
- Completed reload, in  0.788 seconds
Platform modules already initialized, skipping
Refreshing native plugins compatible for Editor in 0.35 ms, found 0 plugins.
Preloading 0 native plugins for Editor in 0.00 ms.
Unloading 1490 Unused Serialized files (Serialized files now loaded: 0)
System memory in use before: 149.1 MB.
System memory in use after: 149.2 MB.

Unloading 6 unused Assets to reduce memory usage. Loaded Objects now: 2117.
Total: 2.225500 ms (FindLiveObjects: 0.238600 ms CreateObjectMapping: 0.044600 ms MarkObjects: 1.847700 ms  DeleteObjects: 0.093500 ms)

========================================================================
Received Import Request.
  Time since last request: 14.536022 seconds.
  path: Assets/MyPrefabs/prefabGraphics/EvilRectangleYellowGraphic.prefab
  artifactKey: Guid(832dd1277bde5ac4083acce002489a2f) Importer(815301076,1909f56bfc062723c751e8b465ee728b)
Start importing Assets/MyPrefabs/prefabGraphics/EvilRectangleYellowGraphic.prefab using Guid(832dd1277bde5ac4083acce002489a2f) Importer(815301076,1909f56bfc062723c751e8b465ee728b)  -> (artifact id: '76368a4b3a17c69b010e7d6750e8381d') in 0.066133 seconds
  Import took 0.072803 seconds .

========================================================================
Received Import Request.
  Time since last request: 50.612607 seconds.
  path: Assets/MyPrefabs/prefabGraphics/PlayerGraphic.prefab
  artifactKey: Guid(a909c1a1af3fa2b4ea6e1f66204f95a0) Importer(815301076,1909f56bfc062723c751e8b465ee728b)
Start importing Assets/MyPrefabs/prefabGraphics/PlayerGraphic.prefab using Guid(a909c1a1af3fa2b4ea6e1f66204f95a0) Importer(815301076,1909f56bfc062723c751e8b465ee728b)  -> (artifact id: 'ba03db0f5826f769f86743f03ce95c8c') in 0.013543 seconds
  Import took 0.016537 seconds .

========================================================================
Received Import Request.
  Time since last request: 0.015999 seconds.
  path: Assets/MyPrefabs/prefabGraphics/PlayerGraphic.prefab
  artifactKey: Guid(a909c1a1af3fa2b4ea6e1f66204f95a0) Importer(815301076,1909f56bfc062723c751e8b465ee728b)
Start importing Assets/MyPrefabs/prefabGraphics/PlayerGraphic.prefab using Guid(a909c1a1af3fa2b4ea6e1f66204f95a0) Importer(815301076,1909f56bfc062723c751e8b465ee728b)  -> (artifact id: 'ba03db0f5826f769f86743f03ce95c8c') in 0.009362 seconds
  Import took 0.012254 seconds .

========================================================================
Received Prepare
Registering precompiled user dll's ...
Registered in 0.000552 seconds.
Begin MonoManager ReloadAssembly
Native extension for WindowsStandalone target not found
Native extension for WebGL target not found
Refreshing native plugins compatible for Editor in 0.27 ms, found 0 plugins.
Preloading 0 native plugins for Editor in 0.00 ms.
Mono: successfully reloaded assembly
- Completed reload, in  0.775 seconds
Platform modules already initialized, skipping
Refreshing native plugins compatible for Editor in 0.27 ms, found 0 plugins.
Preloading 0 native plugins for Editor in 0.00 ms.
Unloading 1490 Unused Serialized files (Serialized files now loaded: 0)
System memory in use before: 149.1 MB.
System memory in use after: 149.2 MB.

Unloading 6 unused Assets to reduce memory usage. Loaded Objects now: 2121.
Total: 2.261100 ms (FindLiveObjects: 0.178600 ms CreateObjectMapping: 0.082000 ms MarkObjects: 1.850300 ms  DeleteObjects: 0.149300 ms)

========================================================================
Received Import Request.
  Time since last request: 5.785385 seconds.
  path: Assets/MyPrefabs/prefabGraphics/EvilFlyingPinkGraphic.prefab
  artifactKey: Guid(2effb72051877fd4e9212b7ef1e7e3b4) Importer(815301076,1909f56bfc062723c751e8b465ee728b)
Start importing Assets/MyPrefabs/prefabGraphics/EvilFlyingPinkGraphic.prefab using Guid(2effb72051877fd4e9212b7ef1e7e3b4) Importer(815301076,1909f56bfc062723c751e8b465ee728b)  -> (artifact id: '1a2b035733226c9a574f8a85e818fbf3') in 0.037345 seconds
  Import took 0.040088 seconds .

========================================================================
Received Prepare
Registering precompiled user dll's ...
Registered in 0.000623 seconds.
Begin MonoManager ReloadAssembly
Native extension for WindowsStandalone target not found
Native extension for WebGL target not found
Refreshing native plugins compatible for Editor in 0.43 ms, found 0 plugins.
Preloading 0 native plugins for Editor in 0.00 ms.
Mono: successfully reloaded assembly
- Completed reload, in  0.761 seconds
Platform modules already initialized, skipping
Refreshing native plugins compatible for Editor in 0.27 ms, found 0 plugins.
Preloading 0 native plugins for Editor in 0.00 ms.
Unloading 1490 Unused Serialized files (Serialized files now loaded: 0)
System memory in use before: 149.1 MB.
System memory in use after: 149.2 MB.

Unloading 5 unused Assets to reduce memory usage. Loaded Objects now: 2124.
Total: 1.812900 ms (FindLiveObjects: 0.184800 ms CreateObjectMapping: 0.056600 ms MarkObjects: 1.469400 ms  DeleteObjects: 0.101000 ms)

AssetImportWorkerClient::OnTransportError - code=2 error=End of file
