Using pre-set license
Built from '2020.3/release' branch; Version is '2020.3.7f1 (dd97f2c94397) revision 14522354'; Using compiler version '192528614'; Build Type 'Release'
OS: 'Windows 10 Pro; OS build 19042.1165; Version 2009; 64bit' Language: 'en' Physical Memory: 16325 MB
BatchMode: 1, IsHumanControllingUs: 0, StartBugReporterOnCrash: 0, Is64bit: 1, IsPro: 0

 COMMAND LINE ARGUMENTS:
C:\Program Files\Unity\Hub\Editor\2020.3.7f1\Editor\Unity.exe
-adb2
-batchMode
-noUpm
-name
AssetImportWorker0
-projectPath
E:/UnityProjects/DesignAndPublishUnity/CoreRun/CoreRun/CoreRun
-logFile
Logs/AssetImportWorker0.log
-srvPort
59023
Successfully changed project path to: E:/UnityProjects/DesignAndPublishUnity/CoreRun/CoreRun/CoreRun
E:/UnityProjects/DesignAndPublishUnity/CoreRun/CoreRun/CoreRun
Using Asset Import Pipeline V2.
Refreshing native plugins compatible for Editor in 26.41 ms, found 0 plugins.
Preloading 0 native plugins for Editor in 0.00 ms.
Initialize engine version: 2020.3.7f1 (dd97f2c94397)
[Subsystems] Discovering subsystems at path C:/Program Files/Unity/Hub/Editor/2020.3.7f1/Editor/Data/Resources/UnitySubsystems
[Subsystems] Discovering subsystems at path E:/UnityProjects/DesignAndPublishUnity/CoreRun/CoreRun/CoreRun/Assets
GfxDevice: creating device client; threaded=0
Direct3D:
    Version:  Direct3D 11.0 [level 11.1]
    Renderer: NVIDIA GeForce GTX 1060 6GB (ID=0x1c03)
    Vendor:   
    VRAM:     6052 MB
    Driver:   27.21.14.6079
Initialize mono
Mono path[0] = 'C:/Program Files/Unity/Hub/Editor/2020.3.7f1/Editor/Data/Managed'
Mono path[1] = 'C:/Program Files/Unity/Hub/Editor/2020.3.7f1/Editor/Data/MonoBleedingEdge/lib/mono/unityjit'
Mono config path = 'C:/Program Files/Unity/Hub/Editor/2020.3.7f1/Editor/Data/MonoBleedingEdge/etc'
Using monoOptions --debugger-agent=transport=dt_socket,embedding=1,server=y,suspend=n,address=127.0.0.1:56936
Begin MonoManager ReloadAssembly
Registering precompiled unity dll's ...
Register platform support module: C:/Program Files/Unity/Hub/Editor/2020.3.7f1/Editor/Data/PlaybackEngines/WebGLSupport/UnityEditor.WebGL.Extensions.dll
Register platform support module: C:/Program Files/Unity/Hub/Editor/2020.3.7f1/Editor/Data/PlaybackEngines/WindowsStandaloneSupport/UnityEditor.WindowsStandalone.Extensions.dll
Registered in 0.002577 seconds.
Native extension for WindowsStandalone target not found
Native extension for WebGL target not found
Refreshing native plugins compatible for Editor in 27.47 ms, found 0 plugins.
Preloading 0 native plugins for Editor in 0.00 ms.
Mono: successfully reloaded assembly
- Completed reload, in  1.282 seconds
Platform modules already initialized, skipping
Registering precompiled user dll's ...
Registered in 0.000520 seconds.
Begin MonoManager ReloadAssembly
Native extension for WindowsStandalone target not found
Native extension for WebGL target not found
Refreshing native plugins compatible for Editor in 0.40 ms, found 0 plugins.
Preloading 0 native plugins for Editor in 0.00 ms.
Mono: successfully reloaded assembly
- Completed reload, in  0.809 seconds
Platform modules already initialized, skipping
========================================================================
Worker process is ready to serve import requests
Launched and connected shader compiler UnityShaderCompiler.exe after 0.04 seconds
Refreshing native plugins compatible for Editor in 0.28 ms, found 0 plugins.
Preloading 0 native plugins for Editor in 0.00 ms.
Unloading 1547 Unused Serialized files (Serialized files now loaded: 0)
System memory in use before: 149.7 MB.
System memory in use after: 149.7 MB.

Unloading 10 unused Assets to reduce memory usage. Loaded Objects now: 1997.
Total: 2.424400 ms (FindLiveObjects: 0.344700 ms CreateObjectMapping: 0.208600 ms MarkObjects: 1.733500 ms  DeleteObjects: 0.136700 ms)

========================================================================
Received Import Request.
  path: Assets/MaterialsAndTextures/Textures/Grass.png
  artifactKey: Guid(a4a961e41faaddd45a46183c4d69d80e) Importer(815301076,1909f56bfc062723c751e8b465ee728b)
Start importing Assets/MaterialsAndTextures/Textures/Grass.png using Guid(a4a961e41faaddd45a46183c4d69d80e) Importer(815301076,1909f56bfc062723c751e8b465ee728b)  -> (artifact id: '8eff1cdc1aeaa811ab16ea0775e46700') in 0.101889 seconds
  Import took 0.105315 seconds .

========================================================================
Received Import Request.
  Time since last request: 214.525962 seconds.
  path: Assets/Scenes/GameView.unity
  artifactKey: Guid(9fc0d4010bbf28b4594072e72b8655ab) Importer(815301076,1909f56bfc062723c751e8b465ee728b)
Start importing Assets/Scenes/GameView.unity using Guid(9fc0d4010bbf28b4594072e72b8655ab) Importer(815301076,1909f56bfc062723c751e8b465ee728b)  -> (artifact id: '2c43241f3f7c58d7c609cdb50de7a63d') in 0.005770 seconds
  Import took 0.009232 seconds .

========================================================================
Received Import Request.
  Time since last request: 30.528791 seconds.
  path: Assets/MaterialsAndTextures/Textures/Grass.png
  artifactKey: Guid(a4a961e41faaddd45a46183c4d69d80e) Importer(815301076,1909f56bfc062723c751e8b465ee728b)
Start importing Assets/MaterialsAndTextures/Textures/Grass.png using Guid(a4a961e41faaddd45a46183c4d69d80e) Importer(815301076,1909f56bfc062723c751e8b465ee728b)  -> (artifact id: 'c57728287b8657aa6f7cd90d36ba7a33') in 0.006788 seconds
  Import took 0.013562 seconds .

========================================================================
Received Import Request.
  Time since last request: 43.687416 seconds.
  path: Assets/MaterialsAndTextures/Textures/Grass.png
  artifactKey: Guid(a4a961e41faaddd45a46183c4d69d80e) Importer(815301076,1909f56bfc062723c751e8b465ee728b)
Start importing Assets/MaterialsAndTextures/Textures/Grass.png using Guid(a4a961e41faaddd45a46183c4d69d80e) Importer(815301076,1909f56bfc062723c751e8b465ee728b)  -> (artifact id: 'a867a9ba8f1d300697137e6dd30c4b03') in 0.008714 seconds
  Import took 0.012105 seconds .

========================================================================
Received Import Request.
  Time since last request: 3.225920 seconds.
  path: Assets/MaterialsAndTextures/Textures/Grass.png
  artifactKey: Guid(a4a961e41faaddd45a46183c4d69d80e) Importer(815301076,1909f56bfc062723c751e8b465ee728b)
Start importing Assets/MaterialsAndTextures/Textures/Grass.png using Guid(a4a961e41faaddd45a46183c4d69d80e) Importer(815301076,1909f56bfc062723c751e8b465ee728b)  -> (artifact id: '07ed290501810923444c5ea91cc909b5') in 0.008558 seconds
  Import took 0.011742 seconds .

========================================================================
Received Import Request.
  Time since last request: 2.552249 seconds.
  path: Assets/MaterialsAndTextures/Textures/Grass.png
  artifactKey: Guid(a4a961e41faaddd45a46183c4d69d80e) Importer(815301076,1909f56bfc062723c751e8b465ee728b)
Start importing Assets/MaterialsAndTextures/Textures/Grass.png using Guid(a4a961e41faaddd45a46183c4d69d80e) Importer(815301076,1909f56bfc062723c751e8b465ee728b)  -> (artifact id: '129fde9b2cda80a13d40bfba548a057c') in 0.009767 seconds
  Import took 0.013460 seconds .

========================================================================
Received Import Request.
  Time since last request: 0.006695 seconds.
  path: Assets/MaterialsAndTextures/Textures/Grass.png
  artifactKey: Guid(a4a961e41faaddd45a46183c4d69d80e) Importer(815301076,1909f56bfc062723c751e8b465ee728b)
Start importing Assets/MaterialsAndTextures/Textures/Grass.png using Guid(a4a961e41faaddd45a46183c4d69d80e) Importer(815301076,1909f56bfc062723c751e8b465ee728b)  -> (artifact id: '129fde9b2cda80a13d40bfba548a057c') in 0.005806 seconds
  Import took 0.009529 seconds .

========================================================================
Received Import Request.
  Time since last request: 2.476800 seconds.
  path: Assets/MaterialsAndTextures/Textures/Grass.png
  artifactKey: Guid(a4a961e41faaddd45a46183c4d69d80e) Importer(815301076,1909f56bfc062723c751e8b465ee728b)
Start importing Assets/MaterialsAndTextures/Textures/Grass.png using Guid(a4a961e41faaddd45a46183c4d69d80e) Importer(815301076,1909f56bfc062723c751e8b465ee728b)  -> (artifact id: 'f2b723c6167b90799684b44583ccab0f') in 0.007750 seconds
  Import took 0.011071 seconds .

========================================================================
Received Import Request.
  Time since last request: 2.623984 seconds.
  path: Assets/MaterialsAndTextures/Textures/Grass.png
  artifactKey: Guid(a4a961e41faaddd45a46183c4d69d80e) Importer(815301076,1909f56bfc062723c751e8b465ee728b)
Start importing Assets/MaterialsAndTextures/Textures/Grass.png using Guid(a4a961e41faaddd45a46183c4d69d80e) Importer(815301076,1909f56bfc062723c751e8b465ee728b)  -> (artifact id: 'f761312c6734a82ad8febe3d555bbbdf') in 0.008804 seconds
  Import took 0.011547 seconds .

========================================================================
Received Import Request.
  Time since last request: 7.361904 seconds.
  path: Assets/MaterialsAndTextures/Textures/Grass.png
  artifactKey: Guid(a4a961e41faaddd45a46183c4d69d80e) Importer(815301076,1909f56bfc062723c751e8b465ee728b)
Start importing Assets/MaterialsAndTextures/Textures/Grass.png using Guid(a4a961e41faaddd45a46183c4d69d80e) Importer(815301076,1909f56bfc062723c751e8b465ee728b)  -> (artifact id: '8b38bb4db1be0337ba708814172e3fdd') in 0.007542 seconds
  Import took 0.010874 seconds .

========================================================================
Received Import Request.
  Time since last request: 11.812076 seconds.
  path: Assets/MaterialsAndTextures/Textures/Grass.png
  artifactKey: Guid(a4a961e41faaddd45a46183c4d69d80e) Importer(815301076,1909f56bfc062723c751e8b465ee728b)
Start importing Assets/MaterialsAndTextures/Textures/Grass.png using Guid(a4a961e41faaddd45a46183c4d69d80e) Importer(815301076,1909f56bfc062723c751e8b465ee728b)  -> (artifact id: 'b665a35700a72579d3714089f4107c49') in 0.006733 seconds
  Import took 0.009926 seconds .

========================================================================
Received Import Request.
  Time since last request: 14.788008 seconds.
  path: Assets/MaterialsAndTextures/Fantasy Skybox FREE/Scenes/Texture_Dirt_Diffuse.png
  artifactKey: Guid(37d1938c74868484ea08b34225eb73b7) Importer(815301076,1909f56bfc062723c751e8b465ee728b)
Start importing Assets/MaterialsAndTextures/Fantasy Skybox FREE/Scenes/Texture_Dirt_Diffuse.png using Guid(37d1938c74868484ea08b34225eb73b7) Importer(815301076,1909f56bfc062723c751e8b465ee728b)  -> (artifact id: 'b5efebcac6a81f2e0922e0db30ea3c4d') in 0.015050 seconds
  Import took 0.017851 seconds .

========================================================================
Received Import Request.
  Time since last request: 5.966203 seconds.
  path: Assets/MaterialsAndTextures/Fantasy Skybox FREE/Scenes/Texture_Dirt_Diffuse.png
  artifactKey: Guid(37d1938c74868484ea08b34225eb73b7) Importer(815301076,1909f56bfc062723c751e8b465ee728b)
Start importing Assets/MaterialsAndTextures/Fantasy Skybox FREE/Scenes/Texture_Dirt_Diffuse.png using Guid(37d1938c74868484ea08b34225eb73b7) Importer(815301076,1909f56bfc062723c751e8b465ee728b)  -> (artifact id: 'ff678c8fa6a47e221666233cdec145b7') in 0.008321 seconds
  Import took 0.011631 seconds .

========================================================================
Received Import Request.
  Time since last request: 3.756956 seconds.
  path: Assets/MaterialsAndTextures/Fantasy Skybox FREE/Scenes/Texture_Grass_Diffuse.png
  artifactKey: Guid(5e1acf362611957488060eee4178b3f3) Importer(815301076,1909f56bfc062723c751e8b465ee728b)
Start importing Assets/MaterialsAndTextures/Fantasy Skybox FREE/Scenes/Texture_Grass_Diffuse.png using Guid(5e1acf362611957488060eee4178b3f3) Importer(815301076,1909f56bfc062723c751e8b465ee728b)  -> (artifact id: '89d38cea88096cdbe0177cbe730ca01c') in 0.006587 seconds
  Import took 0.010102 seconds .

========================================================================
Received Import Request.
  Time since last request: 0.002171 seconds.
  path: Assets/MaterialsAndTextures/Fantasy Skybox FREE/Scenes/Texture_Grass_Diffuse.png
  artifactKey: Guid(5e1acf362611957488060eee4178b3f3) Importer(815301076,1909f56bfc062723c751e8b465ee728b)
Start importing Assets/MaterialsAndTextures/Fantasy Skybox FREE/Scenes/Texture_Grass_Diffuse.png using Guid(5e1acf362611957488060eee4178b3f3) Importer(815301076,1909f56bfc062723c751e8b465ee728b)  -> (artifact id: '89d38cea88096cdbe0177cbe730ca01c') in 0.005837 seconds
  Import took 0.008501 seconds .

========================================================================
Received Import Request.
  Time since last request: 14.454393 seconds.
  path: Assets/MaterialsAndTextures/Fantasy Skybox FREE/Scenes/Texture_Dirt_Diffuse.png
  artifactKey: Guid(37d1938c74868484ea08b34225eb73b7) Importer(815301076,1909f56bfc062723c751e8b465ee728b)
Start importing Assets/MaterialsAndTextures/Fantasy Skybox FREE/Scenes/Texture_Dirt_Diffuse.png using Guid(37d1938c74868484ea08b34225eb73b7) Importer(815301076,1909f56bfc062723c751e8b465ee728b)  -> (artifact id: '56192f6bb9f0ae3b617b44ce3ac3c0ea') in 0.006493 seconds
  Import took 0.009776 seconds .

========================================================================
Received Import Request.
  Time since last request: 12.507724 seconds.
  path: Assets/MaterialsAndTextures/Fantasy Skybox FREE/Scenes/Brush_Flower.png
  artifactKey: Guid(0d383f0cd0395064eb4b64619b2840f3) Importer(815301076,1909f56bfc062723c751e8b465ee728b)
Start importing Assets/MaterialsAndTextures/Fantasy Skybox FREE/Scenes/Brush_Flower.png using Guid(0d383f0cd0395064eb4b64619b2840f3) Importer(815301076,1909f56bfc062723c751e8b465ee728b)  -> (artifact id: '93be3f11e3d451f560c5277e9ca13fac') in 0.017155 seconds
  Import took 0.020777 seconds .

========================================================================
Received Import Request.
  Time since last request: 8.991697 seconds.
  path: Assets/MaterialsAndTextures/Fantasy Skybox FREE/Scenes/Brush_Grass_01.png
  artifactKey: Guid(e3970f24555e12a46b75cdf5140ff23e) Importer(815301076,1909f56bfc062723c751e8b465ee728b)
Start importing Assets/MaterialsAndTextures/Fantasy Skybox FREE/Scenes/Brush_Grass_01.png using Guid(e3970f24555e12a46b75cdf5140ff23e) Importer(815301076,1909f56bfc062723c751e8b465ee728b)  -> (artifact id: '13d4be26637a458136f623ff3aba13d7') in 0.011506 seconds
  Import took 0.014638 seconds .

========================================================================
Received Import Request.
  Time since last request: 2.168013 seconds.
  path: Assets/MaterialsAndTextures/Fantasy Skybox FREE/Scenes/Brush_Grass_02.png
  artifactKey: Guid(5d4b367f0702b4b46a16ba3b67281419) Importer(815301076,1909f56bfc062723c751e8b465ee728b)
Start importing Assets/MaterialsAndTextures/Fantasy Skybox FREE/Scenes/Brush_Grass_02.png using Guid(5d4b367f0702b4b46a16ba3b67281419) Importer(815301076,1909f56bfc062723c751e8b465ee728b)  -> (artifact id: 'f70fe747dcd0e78e3bf500587f0b9504') in 0.010923 seconds
  Import took 0.013416 seconds .

========================================================================
Received Import Request.
  Time since last request: 2.556380 seconds.
  path: Assets/MaterialsAndTextures/Fantasy Skybox FREE/Scenes/SampleTerrain.asset
  artifactKey: Guid(053158c74390f9e4eb2fbfb90564a82e) Importer(815301076,1909f56bfc062723c751e8b465ee728b)
Start importing Assets/MaterialsAndTextures/Fantasy Skybox FREE/Scenes/SampleTerrain.asset using Guid(053158c74390f9e4eb2fbfb90564a82e) Importer(815301076,1909f56bfc062723c751e8b465ee728b)  -> (artifact id: '1960e6cf567893e9bfe7a2dcff5af304') in 0.023166 seconds
  Import took 0.026589 seconds .

========================================================================
Received Import Request.
  Time since last request: 1.571864 seconds.
  path: Assets/MaterialsAndTextures/Fantasy Skybox FREE/Scenes/TerrainDirt.terrainlayer
  artifactKey: Guid(d62e27a62f70e074eba77bbd9259e732) Importer(815301076,1909f56bfc062723c751e8b465ee728b)
Start importing Assets/MaterialsAndTextures/Fantasy Skybox FREE/Scenes/TerrainDirt.terrainlayer using Guid(d62e27a62f70e074eba77bbd9259e732) Importer(815301076,1909f56bfc062723c751e8b465ee728b)  -> (artifact id: 'a3d0db8115504b1902c057d0775ad35f') in 0.032740 seconds
  Import took 0.035664 seconds .

========================================================================
Received Import Request.
  Time since last request: 0.501224 seconds.
  path: Assets/MaterialsAndTextures/Fantasy Skybox FREE/Scenes/TerrainGrass.terrainlayer
  artifactKey: Guid(adb6478a7f24de14eb356d6dc3d0c502) Importer(815301076,1909f56bfc062723c751e8b465ee728b)
Start importing Assets/MaterialsAndTextures/Fantasy Skybox FREE/Scenes/TerrainGrass.terrainlayer using Guid(adb6478a7f24de14eb356d6dc3d0c502) Importer(815301076,1909f56bfc062723c751e8b465ee728b)  -> (artifact id: 'fab24332168f7ab60d31c7cc3363f14b') in 0.008790 seconds
  Import took 0.011803 seconds .

========================================================================
Received Import Request.
  Time since last request: 3.739555 seconds.
  path: Assets/MaterialsAndTextures/Fantasy Skybox FREE/Scenes/TerrainRock.terrainlayer
  artifactKey: Guid(ca948470117be2143a600fa882a2b77a) Importer(815301076,1909f56bfc062723c751e8b465ee728b)
Start importing Assets/MaterialsAndTextures/Fantasy Skybox FREE/Scenes/TerrainRock.terrainlayer using Guid(ca948470117be2143a600fa882a2b77a) Importer(815301076,1909f56bfc062723c751e8b465ee728b)  -> (artifact id: 'd80bb042ec421173e1280848e5467769') in 0.015973 seconds
  Import took 0.019353 seconds .

========================================================================
Received Import Request.
  Time since last request: 5.903968 seconds.
  path: Assets/MaterialsAndTextures/Fantasy Skybox FREE/Scenes/Texture_Rock_Diffuse.png
  artifactKey: Guid(5749f76eaefd4464d864cb20ae8451aa) Importer(815301076,1909f56bfc062723c751e8b465ee728b)
Start importing Assets/MaterialsAndTextures/Fantasy Skybox FREE/Scenes/Texture_Rock_Diffuse.png using Guid(5749f76eaefd4464d864cb20ae8451aa) Importer(815301076,1909f56bfc062723c751e8b465ee728b)  -> (artifact id: 'cc5c81a4305f7719cfa95501f5ec27ef') in 0.006383 seconds
  Import took 0.009700 seconds .

========================================================================
Received Import Request.
  Time since last request: 0.001001 seconds.
  path: Assets/MaterialsAndTextures/Fantasy Skybox FREE/Scenes/Texture_Rock_Diffuse.png
  artifactKey: Guid(5749f76eaefd4464d864cb20ae8451aa) Importer(815301076,1909f56bfc062723c751e8b465ee728b)
Start importing Assets/MaterialsAndTextures/Fantasy Skybox FREE/Scenes/Texture_Rock_Diffuse.png using Guid(5749f76eaefd4464d864cb20ae8451aa) Importer(815301076,1909f56bfc062723c751e8b465ee728b)  -> (artifact id: 'cc5c81a4305f7719cfa95501f5ec27ef') in 0.006265 seconds
  Import took 0.009034 seconds .

========================================================================
Received Import Request.
  Time since last request: 2.537459 seconds.
  path: Assets/MaterialsAndTextures/Fantasy Skybox FREE/Scenes/Texture_Rock_Diffuse.png
  artifactKey: Guid(5749f76eaefd4464d864cb20ae8451aa) Importer(815301076,1909f56bfc062723c751e8b465ee728b)
Start importing Assets/MaterialsAndTextures/Fantasy Skybox FREE/Scenes/Texture_Rock_Diffuse.png using Guid(5749f76eaefd4464d864cb20ae8451aa) Importer(815301076,1909f56bfc062723c751e8b465ee728b)  -> (artifact id: 'ff9952411ccc337fa5bb5084232eeff5') in 0.006260 seconds
  Import took 0.009127 seconds .

========================================================================
Received Import Request.
  Time since last request: 18.067809 seconds.
  path: Assets/MaterialsAndTextures/Cartoon Textures/NormalMaps/CrackedStoneA_n.png
  artifactKey: Guid(70a1aff3a894d934185a07b19f40d829) Importer(815301076,1909f56bfc062723c751e8b465ee728b)
Start importing Assets/MaterialsAndTextures/Cartoon Textures/NormalMaps/CrackedStoneA_n.png using Guid(70a1aff3a894d934185a07b19f40d829) Importer(815301076,1909f56bfc062723c751e8b465ee728b)  -> (artifact id: 'db6ace99be737e2202b42a8074b26289') in 0.011424 seconds
  Import took 0.015039 seconds .

========================================================================
Received Import Request.
  Time since last request: 2.101219 seconds.
  path: Assets/MaterialsAndTextures/Cartoon Textures/NormalMaps/CrackedStoneB_n.png
  artifactKey: Guid(9bbf649f21e2cee4fb68fe4286bc2c1d) Importer(815301076,1909f56bfc062723c751e8b465ee728b)
Start importing Assets/MaterialsAndTextures/Cartoon Textures/NormalMaps/CrackedStoneB_n.png using Guid(9bbf649f21e2cee4fb68fe4286bc2c1d) Importer(815301076,1909f56bfc062723c751e8b465ee728b)  -> (artifact id: '37c3668ce5609c9bbb7690785bbd787a') in 0.006989 seconds
  Import took 0.014051 seconds .

========================================================================
Received Import Request.
  Time since last request: 0.002234 seconds.
  path: Assets/MaterialsAndTextures/Cartoon Textures/NormalMaps/CrackedStoneB_n.png
  artifactKey: Guid(9bbf649f21e2cee4fb68fe4286bc2c1d) Importer(815301076,1909f56bfc062723c751e8b465ee728b)
Start importing Assets/MaterialsAndTextures/Cartoon Textures/NormalMaps/CrackedStoneB_n.png using Guid(9bbf649f21e2cee4fb68fe4286bc2c1d) Importer(815301076,1909f56bfc062723c751e8b465ee728b)  -> (artifact id: '37c3668ce5609c9bbb7690785bbd787a') in 0.008052 seconds
  Import took 0.011181 seconds .

========================================================================
Received Import Request.
  Time since last request: 0.856459 seconds.
  path: Assets/MaterialsAndTextures/Cartoon Textures/NormalMaps/ForestFloorGreen_n.png
  artifactKey: Guid(bf497d2e154ad034bbb18cbc8b913cdc) Importer(815301076,1909f56bfc062723c751e8b465ee728b)
Start importing Assets/MaterialsAndTextures/Cartoon Textures/NormalMaps/ForestFloorGreen_n.png using Guid(bf497d2e154ad034bbb18cbc8b913cdc) Importer(815301076,1909f56bfc062723c751e8b465ee728b)  -> (artifact id: '17cba08ea41467631ef0389062b05902') in 0.006673 seconds
  Import took 0.013843 seconds .

========================================================================
Received Import Request.
  Time since last request: 0.002042 seconds.
  path: Assets/MaterialsAndTextures/Cartoon Textures/NormalMaps/ForestFloorGreen_n.png
  artifactKey: Guid(bf497d2e154ad034bbb18cbc8b913cdc) Importer(815301076,1909f56bfc062723c751e8b465ee728b)
Start importing Assets/MaterialsAndTextures/Cartoon Textures/NormalMaps/ForestFloorGreen_n.png using Guid(bf497d2e154ad034bbb18cbc8b913cdc) Importer(815301076,1909f56bfc062723c751e8b465ee728b)  -> (artifact id: '17cba08ea41467631ef0389062b05902') in 0.006774 seconds
  Import took 0.009582 seconds .

========================================================================
Received Import Request.
  Time since last request: 0.749142 seconds.
  path: Assets/MaterialsAndTextures/Cartoon Textures/NormalMaps/SmoothSand_n.png
  artifactKey: Guid(e308c0a3c3f027144b30700dfae2850a) Importer(815301076,1909f56bfc062723c751e8b465ee728b)
Start importing Assets/MaterialsAndTextures/Cartoon Textures/NormalMaps/SmoothSand_n.png using Guid(e308c0a3c3f027144b30700dfae2850a) Importer(815301076,1909f56bfc062723c751e8b465ee728b)  -> (artifact id: 'c5fab64838870a94005a0a6741db1488') in 0.006495 seconds
  Import took 0.012900 seconds .

========================================================================
Received Import Request.
  Time since last request: 0.001497 seconds.
  path: Assets/MaterialsAndTextures/Cartoon Textures/NormalMaps/SmoothSand_n.png
  artifactKey: Guid(e308c0a3c3f027144b30700dfae2850a) Importer(815301076,1909f56bfc062723c751e8b465ee728b)
Start importing Assets/MaterialsAndTextures/Cartoon Textures/NormalMaps/SmoothSand_n.png using Guid(e308c0a3c3f027144b30700dfae2850a) Importer(815301076,1909f56bfc062723c751e8b465ee728b)  -> (artifact id: 'c5fab64838870a94005a0a6741db1488') in 0.006623 seconds
  Import took 0.009052 seconds .

========================================================================
Received Import Request.
  Time since last request: 3.515683 seconds.
  path: Assets/MaterialsAndTextures/Cartoon Textures/NormalMaps/SmoothSand_n.png
  artifactKey: Guid(e308c0a3c3f027144b30700dfae2850a) Importer(815301076,1909f56bfc062723c751e8b465ee728b)
Start importing Assets/MaterialsAndTextures/Cartoon Textures/NormalMaps/SmoothSand_n.png using Guid(e308c0a3c3f027144b30700dfae2850a) Importer(815301076,1909f56bfc062723c751e8b465ee728b)  -> (artifact id: '5a44f704a0a9a439927cc729e3a2f324') in 0.006505 seconds
  Import took 0.009726 seconds .

========================================================================
Received Import Request.
  Time since last request: 6.216422 seconds.
  path: Assets/MaterialsAndTextures/Cartoon Textures/HeightMaps/CrackedStoneA_h.png
  artifactKey: Guid(52f78bb7e6aa7f74da60fba30d93009d) Importer(815301076,1909f56bfc062723c751e8b465ee728b)
Start importing Assets/MaterialsAndTextures/Cartoon Textures/HeightMaps/CrackedStoneA_h.png using Guid(52f78bb7e6aa7f74da60fba30d93009d) Importer(815301076,1909f56bfc062723c751e8b465ee728b)  -> (artifact id: '0989e8df3b7789eacc22c591b8c578fb') in 0.005770 seconds
  Import took 0.008940 seconds .

========================================================================
Received Import Request.
  Time since last request: 0.000961 seconds.
  path: Assets/MaterialsAndTextures/Cartoon Textures/HeightMaps/CrackedStoneA_h.png
  artifactKey: Guid(52f78bb7e6aa7f74da60fba30d93009d) Importer(815301076,1909f56bfc062723c751e8b465ee728b)
Start importing Assets/MaterialsAndTextures/Cartoon Textures/HeightMaps/CrackedStoneA_h.png using Guid(52f78bb7e6aa7f74da60fba30d93009d) Importer(815301076,1909f56bfc062723c751e8b465ee728b)  -> (artifact id: '0989e8df3b7789eacc22c591b8c578fb') in 0.005989 seconds
  Import took 0.008621 seconds .

========================================================================
Received Import Request.
  Time since last request: 1.043905 seconds.
  path: Assets/MaterialsAndTextures/Cartoon Textures/HeightMaps/CrackedStoneB_h.png
  artifactKey: Guid(2932829af70958442b2eadb6be8b48d7) Importer(815301076,1909f56bfc062723c751e8b465ee728b)
Start importing Assets/MaterialsAndTextures/Cartoon Textures/HeightMaps/CrackedStoneB_h.png using Guid(2932829af70958442b2eadb6be8b48d7) Importer(815301076,1909f56bfc062723c751e8b465ee728b)  -> (artifact id: '599dbbf77f8f81bf794ab61774a1098a') in 0.005925 seconds
  Import took 0.008613 seconds .

========================================================================
Received Import Request.
  Time since last request: 0.002514 seconds.
  path: Assets/MaterialsAndTextures/Cartoon Textures/HeightMaps/CrackedStoneB_h.png
  artifactKey: Guid(2932829af70958442b2eadb6be8b48d7) Importer(815301076,1909f56bfc062723c751e8b465ee728b)
Start importing Assets/MaterialsAndTextures/Cartoon Textures/HeightMaps/CrackedStoneB_h.png using Guid(2932829af70958442b2eadb6be8b48d7) Importer(815301076,1909f56bfc062723c751e8b465ee728b)  -> (artifact id: '599dbbf77f8f81bf794ab61774a1098a') in 0.005751 seconds
  Import took 0.012689 seconds .

========================================================================
Received Import Request.
  Time since last request: 1.044211 seconds.
  path: Assets/MaterialsAndTextures/Cartoon Textures/HeightMaps/ForestFloorGreen_h.png
  artifactKey: Guid(8e36a8a1a38422d4eae46674485d2057) Importer(815301076,1909f56bfc062723c751e8b465ee728b)
Start importing Assets/MaterialsAndTextures/Cartoon Textures/HeightMaps/ForestFloorGreen_h.png using Guid(8e36a8a1a38422d4eae46674485d2057) Importer(815301076,1909f56bfc062723c751e8b465ee728b)  -> (artifact id: '165691bc7c456ccdf1c5b79160af7a62') in 0.005345 seconds
  Import took 0.007777 seconds .

========================================================================
Received Import Request.
  Time since last request: 0.001127 seconds.
  path: Assets/MaterialsAndTextures/Cartoon Textures/HeightMaps/ForestFloorGreen_h.png
  artifactKey: Guid(8e36a8a1a38422d4eae46674485d2057) Importer(815301076,1909f56bfc062723c751e8b465ee728b)
Start importing Assets/MaterialsAndTextures/Cartoon Textures/HeightMaps/ForestFloorGreen_h.png using Guid(8e36a8a1a38422d4eae46674485d2057) Importer(815301076,1909f56bfc062723c751e8b465ee728b)  -> (artifact id: '165691bc7c456ccdf1c5b79160af7a62') in 0.009596 seconds
  Import took 0.012227 seconds .

========================================================================
Received Import Request.
  Time since last request: 0.342900 seconds.
  path: Assets/MaterialsAndTextures/Cartoon Textures/HeightMaps/SmoothSand_h.png
  artifactKey: Guid(2ca7fbda3eee2c649a1ff1caf0de979f) Importer(815301076,1909f56bfc062723c751e8b465ee728b)
Start importing Assets/MaterialsAndTextures/Cartoon Textures/HeightMaps/SmoothSand_h.png using Guid(2ca7fbda3eee2c649a1ff1caf0de979f) Importer(815301076,1909f56bfc062723c751e8b465ee728b)  -> (artifact id: '9ace138996921491cbf76e72aa8a641b') in 0.005187 seconds
  Import took 0.011772 seconds .

========================================================================
Received Import Request.
  Time since last request: 0.002336 seconds.
  path: Assets/MaterialsAndTextures/Cartoon Textures/HeightMaps/SmoothSand_h.png
  artifactKey: Guid(2ca7fbda3eee2c649a1ff1caf0de979f) Importer(815301076,1909f56bfc062723c751e8b465ee728b)
Start importing Assets/MaterialsAndTextures/Cartoon Textures/HeightMaps/SmoothSand_h.png using Guid(2ca7fbda3eee2c649a1ff1caf0de979f) Importer(815301076,1909f56bfc062723c751e8b465ee728b)  -> (artifact id: '9ace138996921491cbf76e72aa8a641b') in 0.006239 seconds
  Import took 0.009051 seconds .

========================================================================
Received Import Request.
  Time since last request: 4.848938 seconds.
  path: Assets/MaterialsAndTextures/Cartoon Textures/HeightMaps/SmoothSand_h.png
  artifactKey: Guid(2ca7fbda3eee2c649a1ff1caf0de979f) Importer(815301076,1909f56bfc062723c751e8b465ee728b)
Start importing Assets/MaterialsAndTextures/Cartoon Textures/HeightMaps/SmoothSand_h.png using Guid(2ca7fbda3eee2c649a1ff1caf0de979f) Importer(815301076,1909f56bfc062723c751e8b465ee728b)  -> (artifact id: '6e925c85b18d0587aa595bd788357f0a') in 0.009795 seconds
  Import took 0.012758 seconds .

========================================================================
Received Import Request.
  Time since last request: 3.913524 seconds.
  path: Assets/MaterialsAndTextures/Cartoon Textures/HeightMaps/SmoothSand_h.png
  artifactKey: Guid(2ca7fbda3eee2c649a1ff1caf0de979f) Importer(815301076,1909f56bfc062723c751e8b465ee728b)
Start importing Assets/MaterialsAndTextures/Cartoon Textures/HeightMaps/SmoothSand_h.png using Guid(2ca7fbda3eee2c649a1ff1caf0de979f) Importer(815301076,1909f56bfc062723c751e8b465ee728b)  -> (artifact id: 'b6ffddc37b11fc237a87a2e909db8ca5') in 0.006392 seconds
  Import took 0.009430 seconds .

========================================================================
Received Import Request.
  Time since last request: 3.020339 seconds.
  path: Assets/MaterialsAndTextures/Cartoon Textures/DiffuseMaps/CrackedStoneA.png
  artifactKey: Guid(63987475399e6f945afec75f4a7317a1) Importer(815301076,1909f56bfc062723c751e8b465ee728b)
Start importing Assets/MaterialsAndTextures/Cartoon Textures/DiffuseMaps/CrackedStoneA.png using Guid(63987475399e6f945afec75f4a7317a1) Importer(815301076,1909f56bfc062723c751e8b465ee728b)  -> (artifact id: 'c0af35d113eec2c6661e51a366e1da7a') in 0.006138 seconds
  Import took 0.010047 seconds .

========================================================================
Received Import Request.
  Time since last request: 0.000500 seconds.
  path: Assets/MaterialsAndTextures/Cartoon Textures/DiffuseMaps/CrackedStoneA.png
  artifactKey: Guid(63987475399e6f945afec75f4a7317a1) Importer(815301076,1909f56bfc062723c751e8b465ee728b)
Start importing Assets/MaterialsAndTextures/Cartoon Textures/DiffuseMaps/CrackedStoneA.png using Guid(63987475399e6f945afec75f4a7317a1) Importer(815301076,1909f56bfc062723c751e8b465ee728b)  -> (artifact id: 'c0af35d113eec2c6661e51a366e1da7a') in 0.005953 seconds
  Import took 0.008699 seconds .

========================================================================
Received Import Request.
  Time since last request: 0.616099 seconds.
  path: Assets/MaterialsAndTextures/Cartoon Textures/DiffuseMaps/CrackedStoneB.png
  artifactKey: Guid(ecee726e5ef1913449655a648f9c05a2) Importer(815301076,1909f56bfc062723c751e8b465ee728b)
Start importing Assets/MaterialsAndTextures/Cartoon Textures/DiffuseMaps/CrackedStoneB.png using Guid(ecee726e5ef1913449655a648f9c05a2) Importer(815301076,1909f56bfc062723c751e8b465ee728b)  -> (artifact id: 'bd32cc960c827315bc5c35c85831ffc0') in 0.005524 seconds
  Import took 0.009087 seconds .

========================================================================
Received Import Request.
  Time since last request: 0.000807 seconds.
  path: Assets/MaterialsAndTextures/Cartoon Textures/DiffuseMaps/CrackedStoneB.png
  artifactKey: Guid(ecee726e5ef1913449655a648f9c05a2) Importer(815301076,1909f56bfc062723c751e8b465ee728b)
Start importing Assets/MaterialsAndTextures/Cartoon Textures/DiffuseMaps/CrackedStoneB.png using Guid(ecee726e5ef1913449655a648f9c05a2) Importer(815301076,1909f56bfc062723c751e8b465ee728b)  -> (artifact id: 'bd32cc960c827315bc5c35c85831ffc0') in 0.006168 seconds
  Import took 0.009454 seconds .

========================================================================
Received Import Request.
  Time since last request: 0.877209 seconds.
  path: Assets/MaterialsAndTextures/Cartoon Textures/DiffuseMaps/ForestFloorGreen.png
  artifactKey: Guid(ad1508d0217142744a5cfc5e729f92c4) Importer(815301076,1909f56bfc062723c751e8b465ee728b)
Start importing Assets/MaterialsAndTextures/Cartoon Textures/DiffuseMaps/ForestFloorGreen.png using Guid(ad1508d0217142744a5cfc5e729f92c4) Importer(815301076,1909f56bfc062723c751e8b465ee728b)  -> (artifact id: '790104ed020ec99fb57634091afd2fca') in 0.005862 seconds
  Import took 0.008353 seconds .

========================================================================
Received Import Request.
  Time since last request: 0.342088 seconds.
  path: Assets/MaterialsAndTextures/Cartoon Textures/DiffuseMaps/SmoothSand.png
  artifactKey: Guid(65e17ba2fccecdd49a9ce319afa8bb5a) Importer(815301076,1909f56bfc062723c751e8b465ee728b)
Start importing Assets/MaterialsAndTextures/Cartoon Textures/DiffuseMaps/SmoothSand.png using Guid(65e17ba2fccecdd49a9ce319afa8bb5a) Importer(815301076,1909f56bfc062723c751e8b465ee728b)  -> (artifact id: 'b5cdc60a35e1622cb272ccdd2f816cd9') in 0.005470 seconds
  Import took 0.008148 seconds .

========================================================================
Received Import Request.
  Time since last request: 4.256444 seconds.
  path: Assets/MaterialsAndTextures/Cartoon Textures/DiffuseMaps/SmoothSand.png
  artifactKey: Guid(65e17ba2fccecdd49a9ce319afa8bb5a) Importer(815301076,1909f56bfc062723c751e8b465ee728b)
Start importing Assets/MaterialsAndTextures/Cartoon Textures/DiffuseMaps/SmoothSand.png using Guid(65e17ba2fccecdd49a9ce319afa8bb5a) Importer(815301076,1909f56bfc062723c751e8b465ee728b)  -> (artifact id: 'ed007a5beb77de962d5fb40535680532') in 0.009570 seconds
  Import took 0.012874 seconds .

========================================================================
Received Import Request.
  Time since last request: 3.769337 seconds.
  path: Assets/MaterialsAndTextures/Cartoon Textures/DiffuseMaps/SmoothSand.png
  artifactKey: Guid(65e17ba2fccecdd49a9ce319afa8bb5a) Importer(815301076,1909f56bfc062723c751e8b465ee728b)
Start importing Assets/MaterialsAndTextures/Cartoon Textures/DiffuseMaps/SmoothSand.png using Guid(65e17ba2fccecdd49a9ce319afa8bb5a) Importer(815301076,1909f56bfc062723c751e8b465ee728b)  -> (artifact id: 'aa7d442fef126b827a847a11fcb807ed') in 0.007920 seconds
  Import took 0.010855 seconds .

========================================================================
Received Import Request.
  Time since last request: 3.421726 seconds.
  path: Assets/MaterialsAndTextures/Cartoon Textures/DiffuseMaps/SmoothSand.png
  artifactKey: Guid(65e17ba2fccecdd49a9ce319afa8bb5a) Importer(815301076,1909f56bfc062723c751e8b465ee728b)
Start importing Assets/MaterialsAndTextures/Cartoon Textures/DiffuseMaps/SmoothSand.png using Guid(65e17ba2fccecdd49a9ce319afa8bb5a) Importer(815301076,1909f56bfc062723c751e8b465ee728b)  -> (artifact id: 'daf8624f9c951e339f639c5b0051b178') in 0.008969 seconds
  Import took 0.012011 seconds .

========================================================================
Received Import Request.
  Time since last request: 4.348163 seconds.
  path: Assets/MaterialsAndTextures/Cartoon Textures/DiffuseMaps/SmoothSand.png
  artifactKey: Guid(65e17ba2fccecdd49a9ce319afa8bb5a) Importer(815301076,1909f56bfc062723c751e8b465ee728b)
Start importing Assets/MaterialsAndTextures/Cartoon Textures/DiffuseMaps/SmoothSand.png using Guid(65e17ba2fccecdd49a9ce319afa8bb5a) Importer(815301076,1909f56bfc062723c751e8b465ee728b)  -> (artifact id: '478fbac1d1819082bd60c5538951da0b') in 0.006642 seconds
  Import took 0.010075 seconds .

========================================================================
Received Import Request.
  Time since last request: 316.954373 seconds.
  path: Assets/Scenes/MainMenu/ReflectionProbe-0.exr
  artifactKey: Guid(fdeec7c8ae3bc1a4fa7405061443c90e) Importer(815301076,1909f56bfc062723c751e8b465ee728b)
Start importing Assets/Scenes/MainMenu/ReflectionProbe-0.exr using Guid(fdeec7c8ae3bc1a4fa7405061443c90e) Importer(815301076,1909f56bfc062723c751e8b465ee728b)  -> (artifact id: '8c634f97c0fb3d806ac87a9723d49345') in 0.036193 seconds
  Import took 0.039948 seconds .

========================================================================
Received Import Request.
  Time since last request: 16.273790 seconds.
  path: Assets/Scenes/MainMenu.unity
  artifactKey: Guid(26ea1be7599e7ce4f8d1b1e6842da003) Importer(815301076,1909f56bfc062723c751e8b465ee728b)
Start importing Assets/Scenes/MainMenu.unity using Guid(26ea1be7599e7ce4f8d1b1e6842da003) Importer(815301076,1909f56bfc062723c751e8b465ee728b)  -> (artifact id: '01ba212d294d0b9ba15581f087f7d275') in 0.002023 seconds
  Import took 0.004895 seconds .

========================================================================
Received Import Request.
  Time since last request: 186.114392 seconds.
  path: Assets/Scenes/GameView.unity
  artifactKey: Guid(9fc0d4010bbf28b4594072e72b8655ab) Importer(815301076,1909f56bfc062723c751e8b465ee728b)
Start importing Assets/Scenes/GameView.unity using Guid(9fc0d4010bbf28b4594072e72b8655ab) Importer(815301076,1909f56bfc062723c751e8b465ee728b)  -> (artifact id: '64c316f53b42316a391150a07ff3bba0') in 0.001878 seconds
  Import took 0.004916 seconds .

========================================================================
Received Import Request.
  Time since last request: 171.363592 seconds.
  path: Assets/Scenes/MainMenu.unity
  artifactKey: Guid(26ea1be7599e7ce4f8d1b1e6842da003) Importer(815301076,1909f56bfc062723c751e8b465ee728b)
Start importing Assets/Scenes/MainMenu.unity using Guid(26ea1be7599e7ce4f8d1b1e6842da003) Importer(815301076,1909f56bfc062723c751e8b465ee728b)  -> (artifact id: 'bfdb4598e5a311057bd9666702f3ba22') in 0.001593 seconds
  Import took 0.004791 seconds .

========================================================================
Received Import Request.
  Time since last request: 82.708617 seconds.
  path: Assets/Sounds/Music/1. Funky Road_loop.wav
  artifactKey: Guid(8bd42d73b9f472846a16ee9628908a4b) Importer(815301076,1909f56bfc062723c751e8b465ee728b)
Start importing Assets/Sounds/Music/1. Funky Road_loop.wav using Guid(8bd42d73b9f472846a16ee9628908a4b) Importer(815301076,1909f56bfc062723c751e8b465ee728b)  -> (artifact id: '0d08b175b7d88bf722e461e7b32451a2') in 0.025612 seconds
  Import took 0.032044 seconds .

========================================================================
Received Import Request.
  Time since last request: 49.445235 seconds.
  path: Assets/Sounds/Music/4. Run and Run_loop.wav
  artifactKey: Guid(c8d3749873b143d458953b192f6935fb) Importer(815301076,1909f56bfc062723c751e8b465ee728b)
Start importing Assets/Sounds/Music/4. Run and Run_loop.wav using Guid(c8d3749873b143d458953b192f6935fb) Importer(815301076,1909f56bfc062723c751e8b465ee728b)  -> (artifact id: 'cf34c71f64cd643d7e9cf5cd0cacd6e0') in 0.005165 seconds
  Import took 0.008388 seconds .

========================================================================
Received Import Request.
  Time since last request: 0.000353 seconds.
  path: Assets/Sounds/Music/4. Run and Run_loop.wav
  artifactKey: Guid(c8d3749873b143d458953b192f6935fb) Importer(815301076,1909f56bfc062723c751e8b465ee728b)
Start importing Assets/Sounds/Music/4. Run and Run_loop.wav using Guid(c8d3749873b143d458953b192f6935fb) Importer(815301076,1909f56bfc062723c751e8b465ee728b)  -> (artifact id: 'cf34c71f64cd643d7e9cf5cd0cacd6e0') in 0.004867 seconds
  Import took 0.007785 seconds .

========================================================================
Received Prepare
Registering precompiled user dll's ...
Registered in 0.000533 seconds.
Begin MonoManager ReloadAssembly
Native extension for WindowsStandalone target not found
Native extension for WebGL target not found
Refreshing native plugins compatible for Editor in 0.27 ms, found 0 plugins.
Preloading 0 native plugins for Editor in 0.00 ms.
Mono: successfully reloaded assembly
- Completed reload, in  0.769 seconds
Platform modules already initialized, skipping
Refreshing native plugins compatible for Editor in 0.27 ms, found 0 plugins.
Preloading 0 native plugins for Editor in 0.00 ms.
Unloading 1506 Unused Serialized files (Serialized files now loaded: 0)
System memory in use before: 150.4 MB.
System memory in use after: 150.0 MB.

Unloading 7 unused Assets to reduce memory usage. Loaded Objects now: 2042.
Total: 2.023800 ms (FindLiveObjects: 0.138200 ms CreateObjectMapping: 0.044800 ms MarkObjects: 1.377400 ms  DeleteObjects: 0.462500 ms)

========================================================================
Received Import Request.
  Time since last request: 44.236437 seconds.
  path: Assets/Sounds/Music/4. Run and Run_loop.wav
  artifactKey: Guid(c8d3749873b143d458953b192f6935fb) Importer(815301076,1909f56bfc062723c751e8b465ee728b)
Start importing Assets/Sounds/Music/4. Run and Run_loop.wav using Guid(c8d3749873b143d458953b192f6935fb) Importer(815301076,1909f56bfc062723c751e8b465ee728b)  -> (artifact id: 'c206ba44cc993491c9db0020c78ddea3') in 0.049268 seconds
  Import took 0.051861 seconds .

========================================================================
Received Import Request.
  Time since last request: 24.591461 seconds.
  path: Assets/Sounds/Music/1. Funky Road_loop.wav
  artifactKey: Guid(8bd42d73b9f472846a16ee9628908a4b) Importer(815301076,1909f56bfc062723c751e8b465ee728b)
Start importing Assets/Sounds/Music/1. Funky Road_loop.wav using Guid(8bd42d73b9f472846a16ee9628908a4b) Importer(815301076,1909f56bfc062723c751e8b465ee728b)  -> (artifact id: '71d7f3a424294212142d52f4e0540444') in 0.005052 seconds
  Import took 0.011577 seconds .

========================================================================
Received Import Request.
  Time since last request: 0.000821 seconds.
  path: Assets/Sounds/Music/1. Funky Road_loop.wav
  artifactKey: Guid(8bd42d73b9f472846a16ee9628908a4b) Importer(815301076,1909f56bfc062723c751e8b465ee728b)
Start importing Assets/Sounds/Music/1. Funky Road_loop.wav using Guid(8bd42d73b9f472846a16ee9628908a4b) Importer(815301076,1909f56bfc062723c751e8b465ee728b)  -> (artifact id: '71d7f3a424294212142d52f4e0540444') in 0.004962 seconds
  Import took 0.007606 seconds .

========================================================================
Received Prepare
Registering precompiled user dll's ...
Registered in 0.000601 seconds.
Begin MonoManager ReloadAssembly
Native extension for WindowsStandalone target not found
Native extension for WebGL target not found
Refreshing native plugins compatible for Editor in 0.32 ms, found 0 plugins.
Preloading 0 native plugins for Editor in 0.00 ms.
Mono: successfully reloaded assembly
- Completed reload, in  0.762 seconds
Platform modules already initialized, skipping
Refreshing native plugins compatible for Editor in 0.28 ms, found 0 plugins.
Preloading 0 native plugins for Editor in 0.00 ms.
Unloading 1506 Unused Serialized files (Serialized files now loaded: 0)
System memory in use before: 149.9 MB.
System memory in use after: 150.0 MB.

Unloading 5 unused Assets to reduce memory usage. Loaded Objects now: 2046.
Total: 1.964900 ms (FindLiveObjects: 0.220700 ms CreateObjectMapping: 0.085700 ms MarkObjects: 1.548900 ms  DeleteObjects: 0.108800 ms)

========================================================================
Received Import Request.
  Time since last request: 6.289482 seconds.
  path: Assets/Sounds/Music/1. Funky Road_loop.wav
  artifactKey: Guid(8bd42d73b9f472846a16ee9628908a4b) Importer(815301076,1909f56bfc062723c751e8b465ee728b)
Start importing Assets/Sounds/Music/1. Funky Road_loop.wav using Guid(8bd42d73b9f472846a16ee9628908a4b) Importer(815301076,1909f56bfc062723c751e8b465ee728b)  -> (artifact id: 'ae2af716326cd2fa5302b9e3f23f5c1e') in 0.041344 seconds
  Import took 0.047903 seconds .

========================================================================
Received Import Request.
  Time since last request: 4.249920 seconds.
  path: Assets/Sounds/Music/4. Run and Run_loop.wav
  artifactKey: Guid(c8d3749873b143d458953b192f6935fb) Importer(815301076,1909f56bfc062723c751e8b465ee728b)
Start importing Assets/Sounds/Music/4. Run and Run_loop.wav using Guid(c8d3749873b143d458953b192f6935fb) Importer(815301076,1909f56bfc062723c751e8b465ee728b)  -> (artifact id: '81a213c1686f093ffb9f5af124f4e460') in 0.009254 seconds
  Import took 0.012872 seconds .

========================================================================
Received Import Request.
  Time since last request: 0.003890 seconds.
  path: Assets/Sounds/Music/4. Run and Run_loop.wav
  artifactKey: Guid(c8d3749873b143d458953b192f6935fb) Importer(815301076,1909f56bfc062723c751e8b465ee728b)
Start importing Assets/Sounds/Music/4. Run and Run_loop.wav using Guid(c8d3749873b143d458953b192f6935fb) Importer(815301076,1909f56bfc062723c751e8b465ee728b)  -> (artifact id: '81a213c1686f093ffb9f5af124f4e460') in 0.004975 seconds
  Import took 0.007902 seconds .

========================================================================
Received Prepare
Registering precompiled user dll's ...
Registered in 0.000628 seconds.
Begin MonoManager ReloadAssembly
Native extension for WindowsStandalone target not found
Native extension for WebGL target not found
Refreshing native plugins compatible for Editor in 0.37 ms, found 0 plugins.
Preloading 0 native plugins for Editor in 0.00 ms.
Mono: successfully reloaded assembly
- Completed reload, in  0.763 seconds
Platform modules already initialized, skipping
Refreshing native plugins compatible for Editor in 0.28 ms, found 0 plugins.
Preloading 0 native plugins for Editor in 0.00 ms.
Unloading 1506 Unused Serialized files (Serialized files now loaded: 0)
System memory in use before: 149.9 MB.
System memory in use after: 150.0 MB.

Unloading 5 unused Assets to reduce memory usage. Loaded Objects now: 2050.
Total: 2.424200 ms (FindLiveObjects: 0.168400 ms CreateObjectMapping: 0.046100 ms MarkObjects: 2.078700 ms  DeleteObjects: 0.130000 ms)

========================================================================
Received Prepare
Registering precompiled user dll's ...
Registered in 0.000547 seconds.
Begin MonoManager ReloadAssembly
Native extension for WindowsStandalone target not found
Native extension for WebGL target not found
Refreshing native plugins compatible for Editor in 0.27 ms, found 0 plugins.
Preloading 0 native plugins for Editor in 0.00 ms.
Mono: successfully reloaded assembly
- Completed reload, in  0.780 seconds
Platform modules already initialized, skipping
Refreshing native plugins compatible for Editor in 0.27 ms, found 0 plugins.
Preloading 0 native plugins for Editor in 0.00 ms.
Unloading 1506 Unused Serialized files (Serialized files now loaded: 0)
System memory in use before: 148.5 MB.
System memory in use after: 148.6 MB.

Unloading 5 unused Assets to reduce memory usage. Loaded Objects now: 2053.
Total: 2.099100 ms (FindLiveObjects: 0.217300 ms CreateObjectMapping: 0.102300 ms MarkObjects: 1.689900 ms  DeleteObjects: 0.088000 ms)

========================================================================
Received Import Request.
  Time since last request: 927.870456 seconds.
  path: Assets/Scenes/GameView.unity
  artifactKey: Guid(9fc0d4010bbf28b4594072e72b8655ab) Importer(815301076,1909f56bfc062723c751e8b465ee728b)
Start importing Assets/Scenes/GameView.unity using Guid(9fc0d4010bbf28b4594072e72b8655ab) Importer(815301076,1909f56bfc062723c751e8b465ee728b)  -> (artifact id: '2cf602e3978a839c61d6ee6eb6cf8d9f') in 0.009498 seconds
  Import took 0.016187 seconds .

========================================================================
Received Prepare
Registering precompiled user dll's ...
Registered in 0.000646 seconds.
Begin MonoManager ReloadAssembly
Native extension for WindowsStandalone target not found
Native extension for WebGL target not found
Refreshing native plugins compatible for Editor in 0.41 ms, found 0 plugins.
Preloading 0 native plugins for Editor in 0.00 ms.
Mono: successfully reloaded assembly
- Completed reload, in  0.798 seconds
Platform modules already initialized, skipping
Refreshing native plugins compatible for Editor in 0.26 ms, found 0 plugins.
Preloading 0 native plugins for Editor in 0.00 ms.
Unloading 1506 Unused Serialized files (Serialized files now loaded: 0)
System memory in use before: 148.6 MB.
System memory in use after: 148.7 MB.

Unloading 5 unused Assets to reduce memory usage. Loaded Objects now: 2056.
Total: 2.737900 ms (FindLiveObjects: 0.178500 ms CreateObjectMapping: 0.057700 ms MarkObjects: 2.415700 ms  DeleteObjects: 0.084900 ms)

========================================================================
Received Prepare
Registering precompiled user dll's ...
Registered in 0.000537 seconds.
Begin MonoManager ReloadAssembly
Native extension for WindowsStandalone target not found
Native extension for WebGL target not found
Refreshing native plugins compatible for Editor in 0.41 ms, found 0 plugins.
Preloading 0 native plugins for Editor in 0.00 ms.
Mono: successfully reloaded assembly
- Completed reload, in  0.808 seconds
Platform modules already initialized, skipping
Refreshing native plugins compatible for Editor in 0.26 ms, found 0 plugins.
Preloading 0 native plugins for Editor in 0.00 ms.
Unloading 1506 Unused Serialized files (Serialized files now loaded: 0)
System memory in use before: 148.6 MB.
System memory in use after: 148.7 MB.

Unloading 5 unused Assets to reduce memory usage. Loaded Objects now: 2059.
Total: 2.474300 ms (FindLiveObjects: 0.266700 ms CreateObjectMapping: 0.070100 ms MarkObjects: 2.062300 ms  DeleteObjects: 0.072600 ms)

========================================================================
Received Import Request.
  Time since last request: 391.496356 seconds.
  path: Assets/Scenes/MainMenu.unity
  artifactKey: Guid(26ea1be7599e7ce4f8d1b1e6842da003) Importer(815301076,1909f56bfc062723c751e8b465ee728b)
Start importing Assets/Scenes/MainMenu.unity using Guid(26ea1be7599e7ce4f8d1b1e6842da003) Importer(815301076,1909f56bfc062723c751e8b465ee728b)  -> (artifact id: '1d726759124981bdb7cc735fc923adc3') in 0.009289 seconds
  Import took 0.015898 seconds .

========================================================================
Received Prepare
Registering precompiled user dll's ...
Registered in 0.000570 seconds.
Begin MonoManager ReloadAssembly
Native extension for WindowsStandalone target not found
Native extension for WebGL target not found
Refreshing native plugins compatible for Editor in 0.28 ms, found 0 plugins.
Preloading 0 native plugins for Editor in 0.00 ms.
Mono: successfully reloaded assembly
- Completed reload, in  0.785 seconds
Platform modules already initialized, skipping
Refreshing native plugins compatible for Editor in 0.27 ms, found 0 plugins.
Preloading 0 native plugins for Editor in 0.00 ms.
Unloading 1506 Unused Serialized files (Serialized files now loaded: 0)
System memory in use before: 148.6 MB.
System memory in use after: 148.7 MB.

Unloading 5 unused Assets to reduce memory usage. Loaded Objects now: 2062.
Total: 2.071200 ms (FindLiveObjects: 0.243100 ms CreateObjectMapping: 0.092900 ms MarkObjects: 1.662900 ms  DeleteObjects: 0.070500 ms)

========================================================================
Received Prepare
Refreshing native plugins compatible for Editor in 0.71 ms, found 0 plugins.
Preloading 0 native plugins for Editor in 0.00 ms.
Unloading 3 Unused Serialized files (Serialized files now loaded: 0)
System memory in use before: 118.9 MB.
System memory in use after: 119.0 MB.

Unloading 3 unused Assets to reduce memory usage. Loaded Objects now: 2062.
Total: 2.266100 ms (FindLiveObjects: 0.315200 ms CreateObjectMapping: 0.090800 ms MarkObjects: 1.793400 ms  DeleteObjects: 0.065100 ms)

========================================================================
Received Prepare
Registering precompiled user dll's ...
Registered in 0.000521 seconds.
Begin MonoManager ReloadAssembly
Native extension for WindowsStandalone target not found
Native extension for WebGL target not found
Refreshing native plugins compatible for Editor in 0.26 ms, found 0 plugins.
Preloading 0 native plugins for Editor in 0.00 ms.
Mono: successfully reloaded assembly
- Completed reload, in  0.774 seconds
Platform modules already initialized, skipping
Refreshing native plugins compatible for Editor in 0.27 ms, found 0 plugins.
Preloading 0 native plugins for Editor in 0.00 ms.
Unloading 1506 Unused Serialized files (Serialized files now loaded: 0)
System memory in use before: 149.5 MB.
System memory in use after: 149.5 MB.

Unloading 5 unused Assets to reduce memory usage. Loaded Objects now: 2065.
Total: 1.941200 ms (FindLiveObjects: 0.151800 ms CreateObjectMapping: 0.044200 ms MarkObjects: 1.637300 ms  DeleteObjects: 0.107300 ms)

========================================================================
Received Import Request.
  Time since last request: 573.149424 seconds.
  path: Assets/TextMesh Pro/Resources
  artifactKey: Guid(243e06394e614e5d99fab26083b707fa) Importer(815301076,1909f56bfc062723c751e8b465ee728b)
Start importing Assets/TextMesh Pro/Resources using Guid(243e06394e614e5d99fab26083b707fa) Importer(815301076,1909f56bfc062723c751e8b465ee728b)  -> (artifact id: '832c7a16428a5a885b734c5f1251808a') in 0.003825 seconds
  Import took 0.010385 seconds .

========================================================================
Received Import Request.
  Time since last request: 9.008003 seconds.
  path: Assets/TextMesh Pro
  artifactKey: Guid(f54d1bd14bd3ca042bd867b519fee8cc) Importer(815301076,1909f56bfc062723c751e8b465ee728b)
Start importing Assets/TextMesh Pro using Guid(f54d1bd14bd3ca042bd867b519fee8cc) Importer(815301076,1909f56bfc062723c751e8b465ee728b)  -> (artifact id: '6121cc340ed628e9d5ab341dee30f1db') in 0.001409 seconds
  Import took 0.007639 seconds .

========================================================================
Received Import Request.
  Time since last request: 20.351857 seconds.
  path: Assets/TextMesh Pro/Documentation
  artifactKey: Guid(8e7e8f5a82a3a134e91c54efd2274ea9) Importer(815301076,1909f56bfc062723c751e8b465ee728b)
Start importing Assets/TextMesh Pro/Documentation using Guid(8e7e8f5a82a3a134e91c54efd2274ea9) Importer(815301076,1909f56bfc062723c751e8b465ee728b)  -> (artifact id: 'f2adce1cbc01bf30f4e376e0fa11234f') in 0.001427 seconds
  Import took 0.004481 seconds .

========================================================================
Received Import Request.
  Time since last request: 6.802402 seconds.
  path: Assets/TextMesh Pro/Fonts
  artifactKey: Guid(6ab70aee4d56447429c680537fbf93ed) Importer(815301076,1909f56bfc062723c751e8b465ee728b)
Start importing Assets/TextMesh Pro/Fonts using Guid(6ab70aee4d56447429c680537fbf93ed) Importer(815301076,1909f56bfc062723c751e8b465ee728b)  -> (artifact id: '36ff2ff48542319222d5a93868bf2e45') in 0.001430 seconds
  Import took 0.004249 seconds .

========================================================================
Received Import Request.
  Time since last request: 9.810133 seconds.
  path: Assets/UI/box_option1.png
  artifactKey: Guid(722bf8ea9395ad0488f853393305780b) Importer(815301076,1909f56bfc062723c751e8b465ee728b)
Start importing Assets/UI/box_option1.png using Guid(722bf8ea9395ad0488f853393305780b) Importer(815301076,1909f56bfc062723c751e8b465ee728b)  -> (artifact id: 'b4b92996ae657ff48182911f7d795def') in 0.055096 seconds
  Import took 0.058239 seconds .

========================================================================
Received Import Request.
  Time since last request: 0.000487 seconds.
  path: Assets/UI/box_option1.png
  artifactKey: Guid(722bf8ea9395ad0488f853393305780b) Importer(815301076,1909f56bfc062723c751e8b465ee728b)
Start importing Assets/UI/box_option1.png using Guid(722bf8ea9395ad0488f853393305780b) Importer(815301076,1909f56bfc062723c751e8b465ee728b)  -> (artifact id: 'b4b92996ae657ff48182911f7d795def') in 0.009477 seconds
  Import took 0.012326 seconds .

========================================================================
Received Import Request.
  Time since last request: 5.446318 seconds.
  path: Assets/UI/box_option1.png
  artifactKey: Guid(722bf8ea9395ad0488f853393305780b) Importer(815301076,1909f56bfc062723c751e8b465ee728b)
Start importing Assets/UI/box_option1.png using Guid(722bf8ea9395ad0488f853393305780b) Importer(815301076,1909f56bfc062723c751e8b465ee728b)  -> (artifact id: '8123e26056d0c42fce01a7e2c0ea03a2') in 0.009515 seconds
  Import took 0.012528 seconds .

========================================================================
Received Import Request.
  Time since last request: 3.386376 seconds.
  path: Assets/UI/box_option1.png
  artifactKey: Guid(722bf8ea9395ad0488f853393305780b) Importer(815301076,1909f56bfc062723c751e8b465ee728b)
Start importing Assets/UI/box_option1.png using Guid(722bf8ea9395ad0488f853393305780b) Importer(815301076,1909f56bfc062723c751e8b465ee728b)  -> (artifact id: 'ba649a681999d14eb713e26817b91b85') in 0.010863 seconds
  Import took 0.013443 seconds .

========================================================================
Received Import Request.
  Time since last request: 2.482051 seconds.
  path: Assets/UI/box_select1.png
  artifactKey: Guid(333577eebe3cf2649a6c7f3d299dceba) Importer(815301076,1909f56bfc062723c751e8b465ee728b)
Start importing Assets/UI/box_select1.png using Guid(333577eebe3cf2649a6c7f3d299dceba) Importer(815301076,1909f56bfc062723c751e8b465ee728b)  -> (artifact id: '99723a0dc4d32e201019ace6b14965f6') in 0.015446 seconds
  Import took 0.018196 seconds .

========================================================================
Received Import Request.
  Time since last request: 2.936505 seconds.
  path: Assets/UI/box_select1.png
  artifactKey: Guid(333577eebe3cf2649a6c7f3d299dceba) Importer(815301076,1909f56bfc062723c751e8b465ee728b)
Start importing Assets/UI/box_select1.png using Guid(333577eebe3cf2649a6c7f3d299dceba) Importer(815301076,1909f56bfc062723c751e8b465ee728b)  -> (artifact id: '84f9c4df2cbcd518795722814e6b3ada') in 0.010341 seconds
  Import took 0.013231 seconds .

========================================================================
Received Import Request.
  Time since last request: 1.398575 seconds.
  path: Assets/UI/button_exit.png
  artifactKey: Guid(275e7ec87a2bf9d47979ae7bced3c068) Importer(815301076,1909f56bfc062723c751e8b465ee728b)
Start importing Assets/UI/button_exit.png using Guid(275e7ec87a2bf9d47979ae7bced3c068) Importer(815301076,1909f56bfc062723c751e8b465ee728b)  -> (artifact id: '6997dac36e0c865fbc2a7f36498bab69') in 0.010836 seconds
  Import took 0.013914 seconds .

========================================================================
Received Import Request.
  Time since last request: 3.127150 seconds.
  path: Assets/UI/button_exit.png
  artifactKey: Guid(275e7ec87a2bf9d47979ae7bced3c068) Importer(815301076,1909f56bfc062723c751e8b465ee728b)
Start importing Assets/UI/button_exit.png using Guid(275e7ec87a2bf9d47979ae7bced3c068) Importer(815301076,1909f56bfc062723c751e8b465ee728b)  -> (artifact id: 'acab3832dd38e037b985526063a55c36') in 0.008329 seconds
  Import took 0.011788 seconds .

========================================================================
Received Import Request.
  Time since last request: 0.008677 seconds.
  path: Assets/UI/button_exit.png
  artifactKey: Guid(275e7ec87a2bf9d47979ae7bced3c068) Importer(815301076,1909f56bfc062723c751e8b465ee728b)
Start importing Assets/UI/button_exit.png using Guid(275e7ec87a2bf9d47979ae7bced3c068) Importer(815301076,1909f56bfc062723c751e8b465ee728b)  -> (artifact id: 'acab3832dd38e037b985526063a55c36') in 0.005160 seconds
  Import took 0.007761 seconds .

========================================================================
Received Import Request.
  Time since last request: 4.392389 seconds.
  path: Assets/UI/icon_07.png
  artifactKey: Guid(4c6ff0803aeb5d1418f145597c16d05e) Importer(815301076,1909f56bfc062723c751e8b465ee728b)
Start importing Assets/UI/icon_07.png using Guid(4c6ff0803aeb5d1418f145597c16d05e) Importer(815301076,1909f56bfc062723c751e8b465ee728b)  -> (artifact id: '4ffcc1e9dcfaa0d7cbffeabdde643c28') in 0.012317 seconds
  Import took 0.015227 seconds .

========================================================================
Received Import Request.
  Time since last request: 4.155595 seconds.
  path: Assets/UI/box_login3.png
  artifactKey: Guid(289510762bc007f44acc805d19c07088) Importer(815301076,1909f56bfc062723c751e8b465ee728b)
Start importing Assets/UI/box_login3.png using Guid(289510762bc007f44acc805d19c07088) Importer(815301076,1909f56bfc062723c751e8b465ee728b)  -> (artifact id: '228ab3c4a1d799c80b5589497e21f760') in 0.011080 seconds
  Import took 0.014135 seconds .

========================================================================
Received Import Request.
  Time since last request: 1.485872 seconds.
  path: Assets/UI/box_coin1.png
  artifactKey: Guid(4ce557cc090bf604999f084d5c52f88c) Importer(815301076,1909f56bfc062723c751e8b465ee728b)
Start importing Assets/UI/box_coin1.png using Guid(4ce557cc090bf604999f084d5c52f88c) Importer(815301076,1909f56bfc062723c751e8b465ee728b)  -> (artifact id: '0e046b28c47a8d6832f169b7fd2934eb') in 0.010287 seconds
  Import took 0.013328 seconds .

========================================================================
Received Import Request.
  Time since last request: 2.384285 seconds.
  path: Assets/UI/box_coin1.png
  artifactKey: Guid(4ce557cc090bf604999f084d5c52f88c) Importer(815301076,1909f56bfc062723c751e8b465ee728b)
Start importing Assets/UI/box_coin1.png using Guid(4ce557cc090bf604999f084d5c52f88c) Importer(815301076,1909f56bfc062723c751e8b465ee728b)  -> (artifact id: '11114c95757075ec5cf8404a718b0cb8') in 0.007866 seconds
  Import took 0.010515 seconds .

========================================================================
Received Import Request.
  Time since last request: 0.735699 seconds.
  path: Assets/UI/bar_exp.png
  artifactKey: Guid(169aaba8c20e92e45a85bf68e9159ff3) Importer(815301076,1909f56bfc062723c751e8b465ee728b)
Start importing Assets/UI/bar_exp.png using Guid(169aaba8c20e92e45a85bf68e9159ff3) Importer(815301076,1909f56bfc062723c751e8b465ee728b)  -> (artifact id: 'c7742ed4e5ebf23ee54db9d10417533f') in 0.008465 seconds
  Import took 0.015336 seconds .

========================================================================
Received Import Request.
  Time since last request: 4.417281 seconds.
  path: Assets/UI/bar_exp.png
  artifactKey: Guid(169aaba8c20e92e45a85bf68e9159ff3) Importer(815301076,1909f56bfc062723c751e8b465ee728b)
Start importing Assets/UI/bar_exp.png using Guid(169aaba8c20e92e45a85bf68e9159ff3) Importer(815301076,1909f56bfc062723c751e8b465ee728b)  -> (artifact id: '9e9cd4e9d8d3ee6e224060c6becc3938') in 0.009686 seconds
  Import took 0.012657 seconds .

========================================================================
Received Import Request.
  Time since last request: 2.415629 seconds.
  path: Assets/Scenes/GameView.unity
  artifactKey: Guid(9fc0d4010bbf28b4594072e72b8655ab) Importer(815301076,1909f56bfc062723c751e8b465ee728b)
Start importing Assets/Scenes/GameView.unity using Guid(9fc0d4010bbf28b4594072e72b8655ab) Importer(815301076,1909f56bfc062723c751e8b465ee728b)  -> (artifact id: '839aaed6349122cf949d73193ffde07c') in 0.001503 seconds
  Import took 0.004194 seconds .

========================================================================
Received Import Request.
  Time since last request: 0.000708 seconds.
  path: Assets/Scenes/GameView.unity
  artifactKey: Guid(9fc0d4010bbf28b4594072e72b8655ab) Importer(815301076,1909f56bfc062723c751e8b465ee728b)
Start importing Assets/Scenes/GameView.unity using Guid(9fc0d4010bbf28b4594072e72b8655ab) Importer(815301076,1909f56bfc062723c751e8b465ee728b)  -> (artifact id: '839aaed6349122cf949d73193ffde07c') in 0.001245 seconds
  Import took 0.003796 seconds .

========================================================================
Received Import Request.
  Time since last request: 315.071862 seconds.
  path: Assets/Scenes/MainMenu.unity
  artifactKey: Guid(26ea1be7599e7ce4f8d1b1e6842da003) Importer(815301076,1909f56bfc062723c751e8b465ee728b)
Start importing Assets/Scenes/MainMenu.unity using Guid(26ea1be7599e7ce4f8d1b1e6842da003) Importer(815301076,1909f56bfc062723c751e8b465ee728b)  -> (artifact id: '3231febfd27f562026473052db81d81d') in 0.002081 seconds
  Import took 0.005437 seconds .

========================================================================
Received Prepare
Registering precompiled user dll's ...
Registered in 0.000959 seconds.
Begin MonoManager ReloadAssembly
Native extension for WindowsStandalone target not found
Native extension for WebGL target not found
Refreshing native plugins compatible for Editor in 0.30 ms, found 0 plugins.
Preloading 0 native plugins for Editor in 0.00 ms.
Mono: successfully reloaded assembly
- Completed reload, in  0.754 seconds
Platform modules already initialized, skipping
Refreshing native plugins compatible for Editor in 0.30 ms, found 0 plugins.
Preloading 0 native plugins for Editor in 0.00 ms.
Unloading 1506 Unused Serialized files (Serialized files now loaded: 0)
System memory in use before: 149.6 MB.
System memory in use after: 149.7 MB.

Unloading 5 unused Assets to reduce memory usage. Loaded Objects now: 2083.
Total: 2.049200 ms (FindLiveObjects: 0.213800 ms CreateObjectMapping: 0.045900 ms MarkObjects: 1.662200 ms  DeleteObjects: 0.126500 ms)

========================================================================
Received Prepare
Registering precompiled user dll's ...
Registered in 0.000540 seconds.
Begin MonoManager ReloadAssembly
Native extension for WindowsStandalone target not found
Native extension for WebGL target not found
Refreshing native plugins compatible for Editor in 0.28 ms, found 0 plugins.
Preloading 0 native plugins for Editor in 0.00 ms.
Mono: successfully reloaded assembly
- Completed reload, in  0.825 seconds
Platform modules already initialized, skipping
Refreshing native plugins compatible for Editor in 0.40 ms, found 0 plugins.
Preloading 0 native plugins for Editor in 0.00 ms.
Unloading 1506 Unused Serialized files (Serialized files now loaded: 0)
System memory in use before: 149.6 MB.
System memory in use after: 149.7 MB.

Unloading 5 unused Assets to reduce memory usage. Loaded Objects now: 2086.
Total: 1.946200 ms (FindLiveObjects: 0.316500 ms CreateObjectMapping: 0.129500 ms MarkObjects: 1.387400 ms  DeleteObjects: 0.111700 ms)

========================================================================
Received Prepare
Registering precompiled user dll's ...
Registered in 0.000550 seconds.
Begin MonoManager ReloadAssembly
Native extension for WindowsStandalone target not found
Native extension for WebGL target not found
Refreshing native plugins compatible for Editor in 0.28 ms, found 0 plugins.
Preloading 0 native plugins for Editor in 0.00 ms.
Mono: successfully reloaded assembly
- Completed reload, in  0.791 seconds
Platform modules already initialized, skipping
Refreshing native plugins compatible for Editor in 0.28 ms, found 0 plugins.
Preloading 0 native plugins for Editor in 0.00 ms.
Unloading 1506 Unused Serialized files (Serialized files now loaded: 0)
System memory in use before: 149.6 MB.
System memory in use after: 149.7 MB.

Unloading 5 unused Assets to reduce memory usage. Loaded Objects now: 2089.
Total: 1.624900 ms (FindLiveObjects: 0.132900 ms CreateObjectMapping: 0.045500 ms MarkObjects: 1.351400 ms  DeleteObjects: 0.094000 ms)

========================================================================
Received Import Request.
  Time since last request: 307.593071 seconds.
  path: Assets/Scenes/GameView.unity
  artifactKey: Guid(9fc0d4010bbf28b4594072e72b8655ab) Importer(815301076,1909f56bfc062723c751e8b465ee728b)
Start importing Assets/Scenes/GameView.unity using Guid(9fc0d4010bbf28b4594072e72b8655ab) Importer(815301076,1909f56bfc062723c751e8b465ee728b)  -> (artifact id: 'ad9d9177436e3e252c1a6f63f553b266') in 0.014067 seconds
  Import took 0.020916 seconds .

========================================================================
Received Import Request.
  Time since last request: 220.353577 seconds.
  path: Assets/Scripts/LoadScreen/LoadScreenController.cs
  artifactKey: Guid(8d496e0c063a6da4fafc421c5120d21e) Importer(815301076,1909f56bfc062723c751e8b465ee728b)
Start importing Assets/Scripts/LoadScreen/LoadScreenController.cs using Guid(8d496e0c063a6da4fafc421c5120d21e) Importer(815301076,1909f56bfc062723c751e8b465ee728b)  -> (artifact id: '03ec76ceb29c59f4f013752f1450f27e') in 0.008009 seconds
  Import took 0.015005 seconds .

========================================================================
Received Prepare
Registering precompiled user dll's ...
Registered in 0.000790 seconds.
Begin MonoManager ReloadAssembly
Native extension for WindowsStandalone target not found
Native extension for WebGL target not found
Refreshing native plugins compatible for Editor in 0.27 ms, found 0 plugins.
Preloading 0 native plugins for Editor in 0.00 ms.
Mono: successfully reloaded assembly
- Completed reload, in  0.788 seconds
Platform modules already initialized, skipping
Refreshing native plugins compatible for Editor in 0.27 ms, found 0 plugins.
Preloading 0 native plugins for Editor in 0.00 ms.
Unloading 1506 Unused Serialized files (Serialized files now loaded: 0)
System memory in use before: 149.6 MB.
System memory in use after: 149.7 MB.

Unloading 5 unused Assets to reduce memory usage. Loaded Objects now: 2092.
Total: 1.621100 ms (FindLiveObjects: 0.148700 ms CreateObjectMapping: 0.046500 ms MarkObjects: 1.327800 ms  DeleteObjects: 0.097300 ms)

========================================================================
Received Import Request.
  Time since last request: 77.450713 seconds.
  path: Assets/Scripts/LoadScreen/LoadScreenController.cs
  artifactKey: Guid(8d496e0c063a6da4fafc421c5120d21e) Importer(815301076,1909f56bfc062723c751e8b465ee728b)
Start importing Assets/Scripts/LoadScreen/LoadScreenController.cs using Guid(8d496e0c063a6da4fafc421c5120d21e) Importer(815301076,1909f56bfc062723c751e8b465ee728b)  -> (artifact id: 'a019ad9292105b5635c97f4edd235879') in 0.003459 seconds
  Import took 0.009901 seconds .

========================================================================
Received Prepare
Registering precompiled user dll's ...
Registered in 0.000546 seconds.
Begin MonoManager ReloadAssembly
Native extension for WindowsStandalone target not found
Native extension for WebGL target not found
Refreshing native plugins compatible for Editor in 0.26 ms, found 0 plugins.
Preloading 0 native plugins for Editor in 0.00 ms.
Mono: successfully reloaded assembly
- Completed reload, in  0.757 seconds
Platform modules already initialized, skipping
Refreshing native plugins compatible for Editor in 0.27 ms, found 0 plugins.
Preloading 0 native plugins for Editor in 0.00 ms.
Unloading 1506 Unused Serialized files (Serialized files now loaded: 0)
System memory in use before: 149.6 MB.
System memory in use after: 149.7 MB.

Unloading 5 unused Assets to reduce memory usage. Loaded Objects now: 2095.
Total: 2.080600 ms (FindLiveObjects: 0.257100 ms CreateObjectMapping: 0.066000 ms MarkObjects: 1.648000 ms  DeleteObjects: 0.108300 ms)

========================================================================
Received Prepare
Registering precompiled user dll's ...
Registered in 0.000552 seconds.
Begin MonoManager ReloadAssembly
Native extension for WindowsStandalone target not found
Native extension for WebGL target not found
Refreshing native plugins compatible for Editor in 0.27 ms, found 0 plugins.
Preloading 0 native plugins for Editor in 0.00 ms.
Mono: successfully reloaded assembly
- Completed reload, in  0.786 seconds
Platform modules already initialized, skipping
Refreshing native plugins compatible for Editor in 0.31 ms, found 0 plugins.
Preloading 0 native plugins for Editor in 0.00 ms.
Unloading 1506 Unused Serialized files (Serialized files now loaded: 0)
System memory in use before: 149.6 MB.
System memory in use after: 149.7 MB.

Unloading 5 unused Assets to reduce memory usage. Loaded Objects now: 2098.
Total: 2.219300 ms (FindLiveObjects: 0.181500 ms CreateObjectMapping: 0.046600 ms MarkObjects: 1.856600 ms  DeleteObjects: 0.133700 ms)

========================================================================
Received Prepare
Registering precompiled user dll's ...
Registered in 0.000607 seconds.
Begin MonoManager ReloadAssembly
Native extension for WindowsStandalone target not found
Native extension for WebGL target not found
Refreshing native plugins compatible for Editor in 0.26 ms, found 0 plugins.
Preloading 0 native plugins for Editor in 0.00 ms.
Mono: successfully reloaded assembly
- Completed reload, in  0.790 seconds
Platform modules already initialized, skipping
Refreshing native plugins compatible for Editor in 0.27 ms, found 0 plugins.
Preloading 0 native plugins for Editor in 0.00 ms.
Unloading 1506 Unused Serialized files (Serialized files now loaded: 0)
System memory in use before: 149.6 MB.
System memory in use after: 149.7 MB.

Unloading 5 unused Assets to reduce memory usage. Loaded Objects now: 2101.
Total: 1.722400 ms (FindLiveObjects: 0.166800 ms CreateObjectMapping: 0.045400 ms MarkObjects: 1.394300 ms  DeleteObjects: 0.114800 ms)

========================================================================
Received Prepare
Registering precompiled user dll's ...
Registered in 0.000518 seconds.
Begin MonoManager ReloadAssembly
Native extension for WindowsStandalone target not found
Native extension for WebGL target not found
Refreshing native plugins compatible for Editor in 0.34 ms, found 0 plugins.
Preloading 0 native plugins for Editor in 0.00 ms.
Mono: successfully reloaded assembly
- Completed reload, in  0.805 seconds
Platform modules already initialized, skipping
Refreshing native plugins compatible for Editor in 0.27 ms, found 0 plugins.
Preloading 0 native plugins for Editor in 0.00 ms.
Unloading 1506 Unused Serialized files (Serialized files now loaded: 0)
System memory in use before: 149.6 MB.
System memory in use after: 149.7 MB.

Unloading 5 unused Assets to reduce memory usage. Loaded Objects now: 2104.
Total: 1.942200 ms (FindLiveObjects: 0.192500 ms CreateObjectMapping: 0.043900 ms MarkObjects: 1.581100 ms  DeleteObjects: 0.123400 ms)

========================================================================
Received Prepare
Registering precompiled user dll's ...
Registered in 0.000569 seconds.
Begin MonoManager ReloadAssembly
Native extension for WindowsStandalone target not found
Native extension for WebGL target not found
Refreshing native plugins compatible for Editor in 0.30 ms, found 0 plugins.
Preloading 0 native plugins for Editor in 0.00 ms.
Mono: successfully reloaded assembly
- Completed reload, in  0.781 seconds
Platform modules already initialized, skipping
Refreshing native plugins compatible for Editor in 0.27 ms, found 0 plugins.
Preloading 0 native plugins for Editor in 0.00 ms.
Unloading 1506 Unused Serialized files (Serialized files now loaded: 0)
System memory in use before: 149.6 MB.
System memory in use after: 149.7 MB.

Unloading 5 unused Assets to reduce memory usage. Loaded Objects now: 2107.
Total: 1.968700 ms (FindLiveObjects: 0.185900 ms CreateObjectMapping: 0.045300 ms MarkObjects: 1.633700 ms  DeleteObjects: 0.102800 ms)

========================================================================
Received Prepare
Registering precompiled user dll's ...
Registered in 0.000522 seconds.
Begin MonoManager ReloadAssembly
Native extension for WindowsStandalone target not found
Native extension for WebGL target not found
Refreshing native plugins compatible for Editor in 0.27 ms, found 0 plugins.
Preloading 0 native plugins for Editor in 0.00 ms.
Mono: successfully reloaded assembly
- Completed reload, in  0.781 seconds
Platform modules already initialized, skipping
Refreshing native plugins compatible for Editor in 0.28 ms, found 0 plugins.
Preloading 0 native plugins for Editor in 0.00 ms.
Unloading 1506 Unused Serialized files (Serialized files now loaded: 0)
System memory in use before: 149.6 MB.
System memory in use after: 149.7 MB.

Unloading 5 unused Assets to reduce memory usage. Loaded Objects now: 2110.
Total: 1.713700 ms (FindLiveObjects: 0.160800 ms CreateObjectMapping: 0.044200 ms MarkObjects: 1.368500 ms  DeleteObjects: 0.139500 ms)

========================================================================
Received Prepare
Registering precompiled user dll's ...
Registered in 0.000627 seconds.
Begin MonoManager ReloadAssembly
Native extension for WindowsStandalone target not found
Native extension for WebGL target not found
Refreshing native plugins compatible for Editor in 0.41 ms, found 0 plugins.
Preloading 0 native plugins for Editor in 0.00 ms.
Mono: successfully reloaded assembly
- Completed reload, in  0.762 seconds
Platform modules already initialized, skipping
Refreshing native plugins compatible for Editor in 0.27 ms, found 0 plugins.
Preloading 0 native plugins for Editor in 0.00 ms.
Unloading 1506 Unused Serialized files (Serialized files now loaded: 0)
System memory in use before: 149.7 MB.
System memory in use after: 149.7 MB.

Unloading 5 unused Assets to reduce memory usage. Loaded Objects now: 2113.
Total: 2.051000 ms (FindLiveObjects: 0.184900 ms CreateObjectMapping: 0.046300 ms MarkObjects: 1.708300 ms  DeleteObjects: 0.110800 ms)

========================================================================
Received Prepare
Refreshing native plugins compatible for Editor in 0.73 ms, found 0 plugins.
Preloading 0 native plugins for Editor in 0.00 ms.
Unloading 3 Unused Serialized files (Serialized files now loaded: 0)
System memory in use before: 119.9 MB.
System memory in use after: 120.0 MB.

Unloading 3 unused Assets to reduce memory usage. Loaded Objects now: 2113.
Total: 2.189300 ms (FindLiveObjects: 0.256000 ms CreateObjectMapping: 0.077300 ms MarkObjects: 1.749900 ms  DeleteObjects: 0.104900 ms)

========================================================================
Received Import Request.
  Time since last request: 703.487515 seconds.
  path: Assets/New Lighting Settings.lighting
  artifactKey: Guid(2782cde7a195fbe41a3c9ef48688b00d) Importer(815301076,1909f56bfc062723c751e8b465ee728b)
Start importing Assets/New Lighting Settings.lighting using Guid(2782cde7a195fbe41a3c9ef48688b00d) Importer(815301076,1909f56bfc062723c751e8b465ee728b)  -> (artifact id: 'a9f3c80c1f63cf780bfcacf7f3138d60') in 0.019071 seconds
  Import took 0.022161 seconds .

========================================================================
Received Import Request.
  Time since last request: 0.001465 seconds.
  path: Assets/New Lighting Settings.lighting
  artifactKey: Guid(2782cde7a195fbe41a3c9ef48688b00d) Importer(815301076,1909f56bfc062723c751e8b465ee728b)
Start importing Assets/New Lighting Settings.lighting using Guid(2782cde7a195fbe41a3c9ef48688b00d) Importer(815301076,1909f56bfc062723c751e8b465ee728b)  -> (artifact id: 'a9f3c80c1f63cf780bfcacf7f3138d60') in 0.001519 seconds
  Import took 0.004186 seconds .

========================================================================
Received Import Request.
  Time since last request: 14.809882 seconds.
  path: Assets/Scenes/MainMenu/LightingData.asset
  artifactKey: Guid(4250d84389a1dc248833aafd49a14ac1) Importer(815301076,1909f56bfc062723c751e8b465ee728b)
Start importing Assets/Scenes/MainMenu/LightingData.asset using Guid(4250d84389a1dc248833aafd49a14ac1) Importer(815301076,1909f56bfc062723c751e8b465ee728b)  -> (artifact id: '55f1ae5c88750aeab19c2e8c12b869f8') in 0.001834 seconds
  Import took 0.004983 seconds .

========================================================================
Received Import Request.
  Time since last request: 0.000702 seconds.
  path: Assets/Scenes/MainMenu/LightingData.asset
  artifactKey: Guid(4250d84389a1dc248833aafd49a14ac1) Importer(815301076,1909f56bfc062723c751e8b465ee728b)
Start importing Assets/Scenes/MainMenu/LightingData.asset using Guid(4250d84389a1dc248833aafd49a14ac1) Importer(815301076,1909f56bfc062723c751e8b465ee728b)  -> (artifact id: '55f1ae5c88750aeab19c2e8c12b869f8') in 0.001555 seconds
  Import took 0.003789 seconds .

========================================================================
Received Import Request.
  Time since last request: 1.420529 seconds.
  path: Assets/Scenes/MainMenu/ReflectionProbe-0.exr
  artifactKey: Guid(fdeec7c8ae3bc1a4fa7405061443c90e) Importer(815301076,1909f56bfc062723c751e8b465ee728b)
Start importing Assets/Scenes/MainMenu/ReflectionProbe-0.exr using Guid(fdeec7c8ae3bc1a4fa7405061443c90e) Importer(815301076,1909f56bfc062723c751e8b465ee728b)  -> (artifact id: 'b91815ebc1f11eaa75a716c20e38c87a') in 0.040398 seconds
  Import took 0.046985 seconds .

========================================================================
Received Import Request.
  Time since last request: 0.000601 seconds.
  path: Assets/Scenes/MainMenu/ReflectionProbe-0.exr
  artifactKey: Guid(fdeec7c8ae3bc1a4fa7405061443c90e) Importer(815301076,1909f56bfc062723c751e8b465ee728b)
Start importing Assets/Scenes/MainMenu/ReflectionProbe-0.exr using Guid(fdeec7c8ae3bc1a4fa7405061443c90e) Importer(815301076,1909f56bfc062723c751e8b465ee728b)  -> (artifact id: 'b91815ebc1f11eaa75a716c20e38c87a') in 0.007894 seconds
  Import took 0.010267 seconds .

========================================================================
Received Import Request.
  Time since last request: 6.091519 seconds.
  path: Assets/Scenes/MainMenu/ReflectionProbe-0.exr
  artifactKey: Guid(fdeec7c8ae3bc1a4fa7405061443c90e) Importer(815301076,1909f56bfc062723c751e8b465ee728b)
Start importing Assets/Scenes/MainMenu/ReflectionProbe-0.exr using Guid(fdeec7c8ae3bc1a4fa7405061443c90e) Importer(815301076,1909f56bfc062723c751e8b465ee728b)  -> (artifact id: 'c9821094ef841f7f1cbdad2994f40c1a') in 0.012363 seconds
  Import took 0.015513 seconds .

========================================================================
Received Import Request.
  Time since last request: 3.489773 seconds.
  path: Assets/Scenes/MainMenu/ReflectionProbe-0.exr
  artifactKey: Guid(fdeec7c8ae3bc1a4fa7405061443c90e) Importer(815301076,1909f56bfc062723c751e8b465ee728b)
Start importing Assets/Scenes/MainMenu/ReflectionProbe-0.exr using Guid(fdeec7c8ae3bc1a4fa7405061443c90e) Importer(815301076,1909f56bfc062723c751e8b465ee728b)  -> (artifact id: 'dde80371fcd2ccce4e14e69c25f73c8d') in 0.009663 seconds
  Import took 0.012907 seconds .

========================================================================
Received Prepare
Registering precompiled user dll's ...
Registered in 0.000609 seconds.
Begin MonoManager ReloadAssembly
Native extension for WindowsStandalone target not found
Native extension for WebGL target not found
Refreshing native plugins compatible for Editor in 0.27 ms, found 0 plugins.
Preloading 0 native plugins for Editor in 0.00 ms.
Mono: successfully reloaded assembly
- Completed reload, in  0.773 seconds
Platform modules already initialized, skipping
Refreshing native plugins compatible for Editor in 0.27 ms, found 0 plugins.
Preloading 0 native plugins for Editor in 0.00 ms.
Unloading 1506 Unused Serialized files (Serialized files now loaded: 0)
System memory in use before: 149.7 MB.
System memory in use after: 149.8 MB.

Unloading 5 unused Assets to reduce memory usage. Loaded Objects now: 2117.
Total: 2.170800 ms (FindLiveObjects: 0.237800 ms CreateObjectMapping: 0.087500 ms MarkObjects: 1.724800 ms  DeleteObjects: 0.120000 ms)

========================================================================
Received Import Request.
  Time since last request: 42.581110 seconds.
  path: Assets/Scenes/MainMenu/ReflectionProbe-0.exr
  artifactKey: Guid(fdeec7c8ae3bc1a4fa7405061443c90e) Importer(815301076,1909f56bfc062723c751e8b465ee728b)
Start importing Assets/Scenes/MainMenu/ReflectionProbe-0.exr using Guid(fdeec7c8ae3bc1a4fa7405061443c90e) Importer(815301076,1909f56bfc062723c751e8b465ee728b)  -> (artifact id: '3219b8427da8c2d638aea905d2a0119f') in 0.048752 seconds
  Import took 0.051122 seconds .

========================================================================
Received Prepare
Registering precompiled user dll's ...
Registered in 0.000520 seconds.
Begin MonoManager ReloadAssembly
Native extension for WindowsStandalone target not found
Native extension for WebGL target not found
Refreshing native plugins compatible for Editor in 0.27 ms, found 0 plugins.
Preloading 0 native plugins for Editor in 0.00 ms.
Mono: successfully reloaded assembly
- Completed reload, in  0.800 seconds
Platform modules already initialized, skipping
Refreshing native plugins compatible for Editor in 0.26 ms, found 0 plugins.
Preloading 0 native plugins for Editor in 0.00 ms.
Unloading 1506 Unused Serialized files (Serialized files now loaded: 0)
System memory in use before: 149.7 MB.
System memory in use after: 149.8 MB.

Unloading 5 unused Assets to reduce memory usage. Loaded Objects now: 2121.
Total: 2.417100 ms (FindLiveObjects: 0.297200 ms CreateObjectMapping: 0.176400 ms MarkObjects: 1.833800 ms  DeleteObjects: 0.108600 ms)

========================================================================
Received Import Request.
  Time since last request: 192.777195 seconds.
  path: Assets/Scenes/MainMenu.unity
  artifactKey: Guid(26ea1be7599e7ce4f8d1b1e6842da003) Importer(815301076,1909f56bfc062723c751e8b465ee728b)
Start importing Assets/Scenes/MainMenu.unity using Guid(26ea1be7599e7ce4f8d1b1e6842da003) Importer(815301076,1909f56bfc062723c751e8b465ee728b)  -> (artifact id: 'd34011c3f44e4a1bd456bcc7c48bbb41') in 0.011012 seconds
  Import took 0.014500 seconds .

========================================================================
Received Prepare
Refreshing native plugins compatible for Editor in 0.94 ms, found 0 plugins.
Preloading 0 native plugins for Editor in 0.00 ms.
Unloading 3 Unused Serialized files (Serialized files now loaded: 0)
System memory in use before: 119.9 MB.
System memory in use after: 120.0 MB.

Unloading 3 unused Assets to reduce memory usage. Loaded Objects now: 2121.
Total: 2.225500 ms (FindLiveObjects: 0.185300 ms CreateObjectMapping: 0.066800 ms MarkObjects: 1.850800 ms  DeleteObjects: 0.121200 ms)

========================================================================
Received Import Request.
  Time since last request: 316.806240 seconds.
  path: Assets/TextMesh Pro/Shaders
  artifactKey: Guid(e9f693669af91aa45ad615fc681ed29f) Importer(815301076,1909f56bfc062723c751e8b465ee728b)
Start importing Assets/TextMesh Pro/Shaders using Guid(e9f693669af91aa45ad615fc681ed29f) Importer(815301076,1909f56bfc062723c751e8b465ee728b)  -> (artifact id: 'a8970b9ccd14cacfd78e8d7b035f493f') in 0.001512 seconds
  Import took 0.008409 seconds .

AssetImportWorkerClient::OnTransportError - code=2 error=End of file
